INFO: [VRFC 10-2263] Analyzing Verilog file "C:/Users/OkuhiraShunri/Documents/verilog/DDP/vivado/sim/DDP.sim/sim_1/synth/func/xsim/JOIN_DDP_SIM_func_synth.v" into library xil_defaultlib
INFO: [VRFC 10-311] analyzing module ARB
INFO: [VRFC 10-311] analyzing module B_Stage
INFO: [VRFC 10-311] analyzing module C
INFO: [VRFC 10-311] analyzing module CB
INFO: [VRFC 10-311] analyzing module CE
INFO: [VRFC 10-311] analyzing module CE__1
INFO: [VRFC 10-311] analyzing module CF
INFO: [VRFC 10-311] analyzing module CF__1
INFO: [VRFC 10-311] analyzing module CF__2
INFO: [VRFC 10-311] analyzing module CF__3
INFO: [VRFC 10-311] analyzing module CF__4
INFO: [VRFC 10-311] analyzing module CJ
INFO: [VRFC 10-311] analyzing module CJ__1
INFO: [VRFC 10-311] analyzing module CM
INFO: [VRFC 10-311] analyzing module COPY_Stage
INFO: [VRFC 10-311] analyzing module CX2
INFO: [VRFC 10-311] analyzing module C__1
INFO: [VRFC 10-311] analyzing module C__2
INFO: [VRFC 10-311] analyzing module C__3
INFO: [VRFC 10-311] analyzing module Delay_2ns
INFO: [VRFC 10-311] analyzing module Delay_2ns__1
INFO: [VRFC 10-311] analyzing module Delay_2ns__2
INFO: [VRFC 10-311] analyzing module Delay_2ns__3
INFO: [VRFC 10-311] analyzing module Delay_2ns__4
INFO: [VRFC 10-311] analyzing module Delay_4ns
INFO: [VRFC 10-311] analyzing module Delay_4ns__1
INFO: [VRFC 10-311] analyzing module Delay_4ns__10
INFO: [VRFC 10-311] analyzing module Delay_4ns__11
INFO: [VRFC 10-311] analyzing module Delay_4ns__12
INFO: [VRFC 10-311] analyzing module Delay_4ns__13
INFO: [VRFC 10-311] analyzing module Delay_4ns__14
INFO: [VRFC 10-311] analyzing module Delay_4ns__15
INFO: [VRFC 10-311] analyzing module Delay_4ns__16
INFO: [VRFC 10-311] analyzing module Delay_4ns__17
INFO: [VRFC 10-311] analyzing module Delay_4ns__18
INFO: [VRFC 10-311] analyzing module Delay_4ns__19
INFO: [VRFC 10-311] analyzing module Delay_4ns__2
INFO: [VRFC 10-311] analyzing module Delay_4ns__20
INFO: [VRFC 10-311] analyzing module Delay_4ns__21
INFO: [VRFC 10-311] analyzing module Delay_4ns__22
INFO: [VRFC 10-311] analyzing module Delay_4ns__23
INFO: [VRFC 10-311] analyzing module Delay_4ns__24
INFO: [VRFC 10-311] analyzing module Delay_4ns__25
INFO: [VRFC 10-311] analyzing module Delay_4ns__26
INFO: [VRFC 10-311] analyzing module Delay_4ns__27
INFO: [VRFC 10-311] analyzing module Delay_4ns__28
INFO: [VRFC 10-311] analyzing module Delay_4ns__29
INFO: [VRFC 10-311] analyzing module Delay_4ns__3
INFO: [VRFC 10-311] analyzing module Delay_4ns__30
INFO: [VRFC 10-311] analyzing module Delay_4ns__31
INFO: [VRFC 10-311] analyzing module Delay_4ns__32
INFO: [VRFC 10-311] analyzing module Delay_4ns__33
INFO: [VRFC 10-311] analyzing module Delay_4ns__34
INFO: [VRFC 10-311] analyzing module Delay_4ns__35
INFO: [VRFC 10-311] analyzing module Delay_4ns__36
INFO: [VRFC 10-311] analyzing module Delay_4ns__37
INFO: [VRFC 10-311] analyzing module Delay_4ns__38
INFO: [VRFC 10-311] analyzing module Delay_4ns__4
INFO: [VRFC 10-311] analyzing module Delay_4ns__5
INFO: [VRFC 10-311] analyzing module Delay_4ns__6
INFO: [VRFC 10-311] analyzing module Delay_4ns__7
INFO: [VRFC 10-311] analyzing module Delay_4ns__8
INFO: [VRFC 10-311] analyzing module Delay_4ns__9
INFO: [VRFC 10-311] analyzing module ENTRY_FD
INFO: [VRFC 10-311] analyzing module ENTRY_FD__1
INFO: [VRFC 10-311] analyzing module ENTRY_FD__10
INFO: [VRFC 10-311] analyzing module ENTRY_FD__11
INFO: [VRFC 10-311] analyzing module ENTRY_FD__12
INFO: [VRFC 10-311] analyzing module ENTRY_FD__13
INFO: [VRFC 10-311] analyzing module ENTRY_FD__14
INFO: [VRFC 10-311] analyzing module ENTRY_FD__15
INFO: [VRFC 10-311] analyzing module ENTRY_FD__16
INFO: [VRFC 10-311] analyzing module ENTRY_FD__17
INFO: [VRFC 10-311] analyzing module ENTRY_FD__18
INFO: [VRFC 10-311] analyzing module ENTRY_FD__19
INFO: [VRFC 10-311] analyzing module ENTRY_FD__2
INFO: [VRFC 10-311] analyzing module ENTRY_FD__3
INFO: [VRFC 10-311] analyzing module ENTRY_FD__4
INFO: [VRFC 10-311] analyzing module ENTRY_FD__5
INFO: [VRFC 10-311] analyzing module ENTRY_FD__6
INFO: [VRFC 10-311] analyzing module ENTRY_FD__7
INFO: [VRFC 10-311] analyzing module ENTRY_FD__8
INFO: [VRFC 10-311] analyzing module ENTRY_FD__9
INFO: [VRFC 10-311] analyzing module FP_Stage
INFO: [VRFC 10-311] analyzing module JOIN_DDP
INFO: [VRFC 10-311] analyzing module MA_Stage
INFO: [VRFC 10-311] analyzing module MMCAM_Stage
INFO: [VRFC 10-311] analyzing module MMRAM_Stage
INFO: [VRFC 10-311] analyzing module M_Stage
INFO: [VRFC 10-311] analyzing module OR_AM_MA
INFO: [VRFC 10-311] analyzing module PS_Stage
INFO: [VRFC 10-311] analyzing module glbl
INFO: [VRFC 10-2263] Analyzing Verilog file "C:/Users/OkuhiraShunri/Documents/verilog/DDP/vivado/sim/HDL/JOIN_DDP_SIM.v" into library xil_defaultlib
INFO: [VRFC 10-311] analyzing module JOIN_DDP_SIM
