INFO: [VRFC 10-2263] Analyzing Verilog file "C:/Users/OkuhiraShunri/Documents/verilog/DDP/vivado/sim2/DDP_sim2.gen/sources_1/ip/SubPS/sim/SubPS.v" into library xil_defaultlib
INFO: [VRFC 10-311] analyzing module SubPS
INFO: [VRFC 10-2263] Analyzing Verilog file "C:/Users/OkuhiraShunri/Documents/verilog/DDP/vivado/sim2/DDP_sim2.gen/sources_1/ip/DMEM/sim/DMEM.v" into library xil_defaultlib
INFO: [VRFC 10-311] analyzing module DMEM
INFO: [VRFC 10-2263] Analyzing Verilog file "C:/Users/OkuhiraShunri/Documents/verilog/DDP/vivado/sim2/DDP_sim2.gen/sources_1/ip/PS/sim/PS.v" into library xil_defaultlib
INFO: [VRFC 10-311] analyzing module PS
INFO: [VRFC 10-2263] Analyzing Verilog file "C:/Users/OkuhiraShunri/Documents/verilog/DDP/vivado/sim2/DDP_sim2.gen/sources_1/ip/CMEM/sim/CMEM.v" into library xil_defaultlib
INFO: [VRFC 10-311] analyzing module CMEM
INFO: [VRFC 10-2263] Analyzing Verilog file "C:/Users/OkuhiraShunri/Documents/verilog/DDP/vivado/sim2/DDP_sim2.gen/sources_1/ip/MMRAM/sim/MMRAM.v" into library xil_defaultlib
INFO: [VRFC 10-311] analyzing module MMRAM
INFO: [VRFC 10-2263] Analyzing Verilog file "C:/Users/OkuhiraShunri/Documents/verilog/DDP/vivado/sim2/HDL/ARB.v" into library xil_defaultlib
INFO: [VRFC 10-311] analyzing module ARB
INFO: [VRFC 10-2263] Analyzing Verilog file "C:/Users/OkuhiraShunri/Documents/verilog/DDP/vivado/sim2/HDL/B_Stage.v" into library xil_defaultlib
INFO: [VRFC 10-311] analyzing module B_Stage
INFO: [VRFC 10-2263] Analyzing Verilog file "C:/Users/OkuhiraShunri/Documents/verilog/DDP/vivado/sim2/HDL/C.v" into library xil_defaultlib
INFO: [VRFC 10-311] analyzing module C
INFO: [VRFC 10-2263] Analyzing Verilog file "C:/Users/OkuhiraShunri/Documents/verilog/DDP/vivado/sim2/HDL/CB.v" into library xil_defaultlib
INFO: [VRFC 10-311] analyzing module CB
INFO: [VRFC 10-2263] Analyzing Verilog file "C:/Users/OkuhiraShunri/Documents/verilog/DDP/vivado/sim2/HDL/CE.v" into library xil_defaultlib
INFO: [VRFC 10-311] analyzing module CE
INFO: [VRFC 10-2263] Analyzing Verilog file "C:/Users/OkuhiraShunri/Documents/verilog/DDP/vivado/sim2/HDL/CF.v" into library xil_defaultlib
INFO: [VRFC 10-311] analyzing module CF
INFO: [VRFC 10-2263] Analyzing Verilog file "C:/Users/OkuhiraShunri/Documents/verilog/DDP/vivado/sim2/HDL/CJ.v" into library xil_defaultlib
INFO: [VRFC 10-311] analyzing module CJ
INFO: [VRFC 10-2263] Analyzing Verilog file "C:/Users/OkuhiraShunri/Documents/verilog/DDP/vivado/sim2/HDL/CM.v" into library xil_defaultlib
INFO: [VRFC 10-311] analyzing module CM
INFO: [VRFC 10-2263] Analyzing Verilog file "C:/Users/OkuhiraShunri/Documents/verilog/DDP/vivado/sim2/HDL/COPY_Stage.v" into library xil_defaultlib
INFO: [VRFC 10-311] analyzing module COPY_Stage
INFO: [VRFC 10-2263] Analyzing Verilog file "C:/Users/OkuhiraShunri/Documents/verilog/DDP/vivado/sim2/HDL/CX2.v" into library xil_defaultlib
INFO: [VRFC 10-311] analyzing module CX2
INFO: [VRFC 10-2263] Analyzing Verilog file "C:/Users/OkuhiraShunri/Documents/verilog/DDP/vivado/sim2/HDL/Delay_2ns.v" into library xil_defaultlib
INFO: [VRFC 10-311] analyzing module Delay_2ns
INFO: [VRFC 10-2263] Analyzing Verilog file "C:/Users/OkuhiraShunri/Documents/verilog/DDP/vivado/sim2/HDL/Delay_4ns.v" into library xil_defaultlib
INFO: [VRFC 10-311] analyzing module Delay_4ns
INFO: [VRFC 10-2263] Analyzing Verilog file "C:/Users/OkuhiraShunri/Documents/verilog/DDP/vivado/sim2/HDL/ENTRY_FD.v" into library xil_defaultlib
INFO: [VRFC 10-311] analyzing module ENTRY_FD
INFO: [VRFC 10-2263] Analyzing Verilog file "C:/Users/OkuhiraShunri/Documents/verilog/DDP/vivado/sim2/HDL/FP_Stage.v" into library xil_defaultlib
INFO: [VRFC 10-311] analyzing module FP_Stage
INFO: [VRFC 10-2263] Analyzing Verilog file "C:/Users/OkuhiraShunri/Documents/verilog/DDP/vivado/sim2/HDL/JOIN_DDP.v" into library xil_defaultlib
INFO: [VRFC 10-311] analyzing module JOIN_DDP
INFO: [VRFC 10-2263] Analyzing Verilog file "C:/Users/OkuhiraShunri/Documents/verilog/DDP/vivado/sim2/HDL/MA_Stage.v" into library xil_defaultlib
INFO: [VRFC 10-311] analyzing module MA_Stage
INFO: [VRFC 10-2263] Analyzing Verilog file "C:/Users/OkuhiraShunri/Documents/verilog/DDP/vivado/sim2/HDL/MMCAM_Stage.v" into library xil_defaultlib
INFO: [VRFC 10-311] analyzing module MMCAM_Stage
INFO: [VRFC 10-2263] Analyzing Verilog file "C:/Users/OkuhiraShunri/Documents/verilog/DDP/vivado/sim2/HDL/MMRAM_Stage.v" into library xil_defaultlib
WARNING: [VRFC 10-9157] macro 'M_PACKET_SIZE' is redefined [../../../../HDL/common_macro.vh:58]
WARNING: [VRFC 10-9157] macro 'MMCAM_PACKET_SIZE' is redefined [../../../../HDL/common_macro.vh:63]
WARNING: [VRFC 10-9157] macro 'MA_PACKET_SIZE' is redefined [../../../../HDL/common_macro.vh:139]
INFO: [VRFC 10-311] analyzing module MMRAM_Stage
INFO: [VRFC 10-2263] Analyzing Verilog file "C:/Users/OkuhiraShunri/Documents/verilog/DDP/vivado/sim2/HDL/M_Stage.v" into library xil_defaultlib
INFO: [VRFC 10-311] analyzing module M_Stage
INFO: [VRFC 10-2263] Analyzing Verilog file "C:/Users/OkuhiraShunri/Documents/verilog/DDP/vivado/sim2/HDL/OR_AM_MA.v" into library xil_defaultlib
INFO: [VRFC 10-311] analyzing module OR_AM_MA
INFO: [VRFC 10-2263] Analyzing Verilog file "C:/Users/OkuhiraShunri/Documents/verilog/DDP/vivado/sim2/HDL/PS_Stage.v" into library xil_defaultlib
INFO: [VRFC 10-311] analyzing module PS_Stage
INFO: [VRFC 10-2263] Analyzing Verilog file "C:/Users/OkuhiraShunri/Documents/verilog/DDP/vivado/sim2/HDL/JOIN_DDP_SIM.v" into library xil_defaultlib
INFO: [VRFC 10-311] analyzing module JOIN_DDP_SIM
INFO: [VRFC 10-2263] Analyzing Verilog file "C:/Users/OkuhiraShunri/Documents/verilog/DDP/vivado/sim2/DDP_sim2.sim/sim_1/behav/xsim/glbl.v" into library xil_defaultlib
INFO: [VRFC 10-311] analyzing module glbl
