INFO: [VRFC 10-2263] Analyzing Verilog file "C:/Users/OkuhiraShunri/Documents/verilog/DDP/vivado/sim2/DDP_sim2.sim/sim_1/impl/timing/xsim/JOIN_DDP_SIM_time_impl.v" into library xil_defaultlib
INFO: [VRFC 10-311] analyzing module FDCP_UNIQ_BASE_
INFO: [VRFC 10-311] analyzing module FDCPE_UNIQ_BASE_
INFO: [VRFC 10-311] analyzing module FDCPE_HD1138
INFO: [VRFC 10-311] analyzing module FDCPE_HD1139
INFO: [VRFC 10-311] analyzing module FDCPE_HD1140
INFO: [VRFC 10-311] analyzing module FDCPE_HD1141
INFO: [VRFC 10-311] analyzing module FDCPE_HD1142
INFO: [VRFC 10-311] analyzing module FDCPE_HD1143
INFO: [VRFC 10-311] analyzing module FDCPE_HD1144
INFO: [VRFC 10-311] analyzing module FDCPE_HD1145
INFO: [VRFC 10-311] analyzing module FDCPE_HD1146
INFO: [VRFC 10-311] analyzing module FDCPE_HD1147
INFO: [VRFC 10-311] analyzing module FDCPE_HD1148
INFO: [VRFC 10-311] analyzing module FDCPE_HD1149
INFO: [VRFC 10-311] analyzing module FDCPE_HD1150
INFO: [VRFC 10-311] analyzing module FDCPE_HD1151
INFO: [VRFC 10-311] analyzing module FDCPE_HD1152
INFO: [VRFC 10-311] analyzing module FDCPE_HD1153
INFO: [VRFC 10-311] analyzing module FDCPE_HD1154
INFO: [VRFC 10-311] analyzing module FDCPE_HD1155
INFO: [VRFC 10-311] analyzing module FDCPE_HD1156
INFO: [VRFC 10-311] analyzing module FDCPE_HD1157
INFO: [VRFC 10-311] analyzing module FDCPE_HD1158
INFO: [VRFC 10-311] analyzing module FDCPE_HD1159
INFO: [VRFC 10-311] analyzing module FDCPE_HD1160
INFO: [VRFC 10-311] analyzing module FDCPE_HD1161
INFO: [VRFC 10-311] analyzing module FDCPE_HD1162
INFO: [VRFC 10-311] analyzing module FDCPE_HD1163
INFO: [VRFC 10-311] analyzing module FDCPE_HD1164
INFO: [VRFC 10-311] analyzing module FDCPE_HD1165
INFO: [VRFC 10-311] analyzing module FDCPE_HD1166
INFO: [VRFC 10-311] analyzing module FDCPE_HD1167
INFO: [VRFC 10-311] analyzing module FDCPE_HD1168
INFO: [VRFC 10-311] analyzing module FDCPE_HD1169
INFO: [VRFC 10-311] analyzing module FDCPE_HD1170
INFO: [VRFC 10-311] analyzing module FDCPE_HD1171
INFO: [VRFC 10-311] analyzing module FDCPE_HD1172
INFO: [VRFC 10-311] analyzing module FDCPE_HD1173
INFO: [VRFC 10-311] analyzing module FDCPE_HD1174
INFO: [VRFC 10-311] analyzing module FDCPE_HD1175
INFO: [VRFC 10-311] analyzing module FDCPE_HD1176
INFO: [VRFC 10-311] analyzing module FDCPE_HD1177
INFO: [VRFC 10-311] analyzing module FDCPE_HD1178
INFO: [VRFC 10-311] analyzing module FDCPE_HD1179
INFO: [VRFC 10-311] analyzing module FDCPE_HD1180
INFO: [VRFC 10-311] analyzing module FDCPE_HD1181
INFO: [VRFC 10-311] analyzing module FDCPE_HD1182
INFO: [VRFC 10-311] analyzing module FDCPE_HD1183
INFO: [VRFC 10-311] analyzing module FDCPE_HD1184
INFO: [VRFC 10-311] analyzing module FDCPE_HD1185
INFO: [VRFC 10-311] analyzing module FDCPE_HD1186
INFO: [VRFC 10-311] analyzing module FDCPE_HD1187
INFO: [VRFC 10-311] analyzing module FDCPE_HD1188
INFO: [VRFC 10-311] analyzing module FDCPE_HD1189
INFO: [VRFC 10-311] analyzing module FDCPE_HD1190
INFO: [VRFC 10-311] analyzing module FDCPE_HD1191
INFO: [VRFC 10-311] analyzing module FDCPE_HD1192
INFO: [VRFC 10-311] analyzing module FDCPE_HD1193
INFO: [VRFC 10-311] analyzing module FDCPE_HD1194
INFO: [VRFC 10-311] analyzing module FDCPE_HD1195
INFO: [VRFC 10-311] analyzing module FDCPE_HD1196
INFO: [VRFC 10-311] analyzing module FDCPE_HD1197
INFO: [VRFC 10-311] analyzing module FDCPE_HD1198
INFO: [VRFC 10-311] analyzing module FDCPE_HD1199
INFO: [VRFC 10-311] analyzing module FDCPE_HD1200
INFO: [VRFC 10-311] analyzing module FDCPE_HD1201
INFO: [VRFC 10-311] analyzing module FDCPE_HD1202
INFO: [VRFC 10-311] analyzing module FDCPE_HD1203
INFO: [VRFC 10-311] analyzing module FDCPE_HD1204
INFO: [VRFC 10-311] analyzing module FDCPE_HD1205
INFO: [VRFC 10-311] analyzing module FDCPE_HD1206
INFO: [VRFC 10-311] analyzing module FDCPE_HD1207
INFO: [VRFC 10-311] analyzing module FDCPE_HD1208
INFO: [VRFC 10-311] analyzing module FDCPE_HD1209
INFO: [VRFC 10-311] analyzing module FDCPE_HD1210
INFO: [VRFC 10-311] analyzing module FDCPE_HD1211
INFO: [VRFC 10-311] analyzing module FDCPE_HD1212
INFO: [VRFC 10-311] analyzing module FDCPE_HD1213
INFO: [VRFC 10-311] analyzing module FDCPE_HD1214
INFO: [VRFC 10-311] analyzing module FDCPE_HD1215
INFO: [VRFC 10-311] analyzing module FDCPE_HD1216
INFO: [VRFC 10-311] analyzing module FDCPE_HD1217
INFO: [VRFC 10-311] analyzing module FDCPE_HD1218
INFO: [VRFC 10-311] analyzing module FDCPE_HD1219
INFO: [VRFC 10-311] analyzing module FDCPE_HD1220
INFO: [VRFC 10-311] analyzing module FDCPE_HD1221
INFO: [VRFC 10-311] analyzing module FDCPE_HD1222
INFO: [VRFC 10-311] analyzing module FDCPE_HD1223
INFO: [VRFC 10-311] analyzing module FDCPE_HD1224
INFO: [VRFC 10-311] analyzing module FDCPE_HD1225
INFO: [VRFC 10-311] analyzing module FDCPE_HD1226
INFO: [VRFC 10-311] analyzing module FDCPE_HD1227
INFO: [VRFC 10-311] analyzing module FDCPE_HD1228
INFO: [VRFC 10-311] analyzing module FDCPE_HD1229
INFO: [VRFC 10-311] analyzing module FDCPE_HD1230
INFO: [VRFC 10-311] analyzing module FDCPE_HD1231
INFO: [VRFC 10-311] analyzing module FDCPE_HD1232
INFO: [VRFC 10-311] analyzing module FDCPE_HD1233
INFO: [VRFC 10-311] analyzing module FDCPE_HD1234
INFO: [VRFC 10-311] analyzing module FDCPE_HD1235
INFO: [VRFC 10-311] analyzing module FDCPE_HD1236
INFO: [VRFC 10-311] analyzing module FDCPE_HD1237
INFO: [VRFC 10-311] analyzing module FDCPE_HD1238
INFO: [VRFC 10-311] analyzing module FDCPE_HD1239
INFO: [VRFC 10-311] analyzing module FDCPE_HD1240
INFO: [VRFC 10-311] analyzing module FDCPE_HD1241
INFO: [VRFC 10-311] analyzing module FDCPE_HD1242
INFO: [VRFC 10-311] analyzing module FDCPE_HD1243
INFO: [VRFC 10-311] analyzing module FDCPE_HD1244
INFO: [VRFC 10-311] analyzing module FDCPE_HD1245
INFO: [VRFC 10-311] analyzing module FDCPE_HD1246
INFO: [VRFC 10-311] analyzing module FDCPE_HD1247
INFO: [VRFC 10-311] analyzing module FDCPE_HD1248
INFO: [VRFC 10-311] analyzing module FDCPE_HD1249
INFO: [VRFC 10-311] analyzing module FDCPE_HD1250
INFO: [VRFC 10-311] analyzing module FDCPE_HD1251
INFO: [VRFC 10-311] analyzing module FDCPE_HD1252
INFO: [VRFC 10-311] analyzing module FDCPE_HD1253
INFO: [VRFC 10-311] analyzing module FDCPE_HD1254
INFO: [VRFC 10-311] analyzing module FDCPE_HD1255
INFO: [VRFC 10-311] analyzing module FDCPE_HD1256
INFO: [VRFC 10-311] analyzing module FDCPE_HD1257
INFO: [VRFC 10-311] analyzing module FDCPE_HD1258
INFO: [VRFC 10-311] analyzing module FDCPE_HD1259
INFO: [VRFC 10-311] analyzing module FDCPE_HD1260
INFO: [VRFC 10-311] analyzing module FDCPE_HD1261
INFO: [VRFC 10-311] analyzing module FDCPE_HD1262
INFO: [VRFC 10-311] analyzing module FDCPE_HD1263
INFO: [VRFC 10-311] analyzing module FDCPE_HD1264
INFO: [VRFC 10-311] analyzing module FDCPE_HD1265
INFO: [VRFC 10-311] analyzing module FDCPE_HD1266
INFO: [VRFC 10-311] analyzing module FDCPE_HD1267
INFO: [VRFC 10-311] analyzing module FDCPE_HD1268
INFO: [VRFC 10-311] analyzing module FDCPE_HD1269
INFO: [VRFC 10-311] analyzing module FDCPE_HD1270
INFO: [VRFC 10-311] analyzing module FDCPE_HD1271
INFO: [VRFC 10-311] analyzing module FDCPE_HD1272
INFO: [VRFC 10-311] analyzing module FDCPE_HD1273
INFO: [VRFC 10-311] analyzing module FDCPE_HD1274
INFO: [VRFC 10-311] analyzing module FDCPE_HD1275
INFO: [VRFC 10-311] analyzing module FDCPE_HD1276
INFO: [VRFC 10-311] analyzing module FDCPE_HD1277
INFO: [VRFC 10-311] analyzing module FDCPE_HD1278
INFO: [VRFC 10-311] analyzing module FDCPE_HD1279
INFO: [VRFC 10-311] analyzing module FDCPE_HD1280
INFO: [VRFC 10-311] analyzing module FDCPE_HD1281
INFO: [VRFC 10-311] analyzing module FDCPE_HD1282
INFO: [VRFC 10-311] analyzing module FDCPE_HD1283
INFO: [VRFC 10-311] analyzing module FDCPE_HD1284
INFO: [VRFC 10-311] analyzing module FDCPE_HD1285
INFO: [VRFC 10-311] analyzing module FDCPE_HD1286
INFO: [VRFC 10-311] analyzing module FDCPE_HD1287
INFO: [VRFC 10-311] analyzing module FDCPE_HD1288
INFO: [VRFC 10-311] analyzing module FDCPE_HD1289
INFO: [VRFC 10-311] analyzing module FDCPE_HD1290
INFO: [VRFC 10-311] analyzing module FDCPE_HD1291
INFO: [VRFC 10-311] analyzing module FDCPE_HD1292
INFO: [VRFC 10-311] analyzing module FDCPE_HD1293
INFO: [VRFC 10-311] analyzing module FDCPE_HD1294
INFO: [VRFC 10-311] analyzing module FDCPE_HD1295
INFO: [VRFC 10-311] analyzing module FDCPE_HD1296
INFO: [VRFC 10-311] analyzing module FDCPE_HD1297
INFO: [VRFC 10-311] analyzing module FDCPE_HD1298
INFO: [VRFC 10-311] analyzing module FDCPE_HD1299
INFO: [VRFC 10-311] analyzing module FDCPE_HD1300
INFO: [VRFC 10-311] analyzing module FDCPE_HD1301
INFO: [VRFC 10-311] analyzing module FDCPE_HD1302
INFO: [VRFC 10-311] analyzing module FDCPE_HD1303
INFO: [VRFC 10-311] analyzing module FDCPE_HD1304
INFO: [VRFC 10-311] analyzing module FDCPE_HD1305
INFO: [VRFC 10-311] analyzing module FDCPE_HD1306
INFO: [VRFC 10-311] analyzing module FDCPE_HD1307
INFO: [VRFC 10-311] analyzing module FDCPE_HD1308
INFO: [VRFC 10-311] analyzing module FDCPE_HD1309
INFO: [VRFC 10-311] analyzing module FDCPE_HD1310
INFO: [VRFC 10-311] analyzing module FDCPE_HD1311
INFO: [VRFC 10-311] analyzing module FDCPE_HD1312
INFO: [VRFC 10-311] analyzing module FDCPE_HD1313
INFO: [VRFC 10-311] analyzing module FDCPE_HD1314
INFO: [VRFC 10-311] analyzing module FDCPE_HD1315
INFO: [VRFC 10-311] analyzing module FDCPE_HD1316
INFO: [VRFC 10-311] analyzing module FDCPE_HD1317
INFO: [VRFC 10-311] analyzing module FDCPE_HD1318
INFO: [VRFC 10-311] analyzing module FDCPE_HD1319
INFO: [VRFC 10-311] analyzing module FDCPE_HD1320
INFO: [VRFC 10-311] analyzing module FDCPE_HD1321
INFO: [VRFC 10-311] analyzing module FDCPE_HD1322
INFO: [VRFC 10-311] analyzing module FDCPE_HD1323
INFO: [VRFC 10-311] analyzing module FDCPE_HD1324
INFO: [VRFC 10-311] analyzing module FDCPE_HD1325
INFO: [VRFC 10-311] analyzing module FDCPE_HD1326
INFO: [VRFC 10-311] analyzing module FDCPE_HD1327
INFO: [VRFC 10-311] analyzing module FDCPE_HD1328
INFO: [VRFC 10-311] analyzing module FDCPE_HD1329
INFO: [VRFC 10-311] analyzing module FDCPE_HD1330
INFO: [VRFC 10-311] analyzing module FDCPE_HD1331
INFO: [VRFC 10-311] analyzing module FDCPE_HD1332
INFO: [VRFC 10-311] analyzing module FDCPE_HD1333
INFO: [VRFC 10-311] analyzing module FDCPE_HD1334
INFO: [VRFC 10-311] analyzing module FDCPE_HD1335
INFO: [VRFC 10-311] analyzing module FDCPE_HD1336
INFO: [VRFC 10-311] analyzing module FDCPE_HD1337
INFO: [VRFC 10-311] analyzing module FDCPE_HD1338
INFO: [VRFC 10-311] analyzing module FDCPE_HD1339
INFO: [VRFC 10-311] analyzing module FDCPE_HD1340
INFO: [VRFC 10-311] analyzing module FDCPE_HD1341
INFO: [VRFC 10-311] analyzing module FDCPE_HD1342
INFO: [VRFC 10-311] analyzing module FDCPE_HD1343
INFO: [VRFC 10-311] analyzing module FDCPE_HD1344
INFO: [VRFC 10-311] analyzing module FDCPE_HD1345
INFO: [VRFC 10-311] analyzing module FDCPE_HD1346
INFO: [VRFC 10-311] analyzing module FDCPE_HD1347
INFO: [VRFC 10-311] analyzing module FDCPE_HD1348
INFO: [VRFC 10-311] analyzing module FDCPE_HD1349
INFO: [VRFC 10-311] analyzing module FDCPE_HD1350
INFO: [VRFC 10-311] analyzing module FDCPE_HD1351
INFO: [VRFC 10-311] analyzing module FDCPE_HD1352
INFO: [VRFC 10-311] analyzing module FDCPE_HD1353
INFO: [VRFC 10-311] analyzing module FDCPE_HD1354
INFO: [VRFC 10-311] analyzing module FDCPE_HD1355
INFO: [VRFC 10-311] analyzing module FDCPE_HD1356
INFO: [VRFC 10-311] analyzing module FDCPE_HD1357
INFO: [VRFC 10-311] analyzing module FDCPE_HD1358
INFO: [VRFC 10-311] analyzing module FDCPE_HD1359
INFO: [VRFC 10-311] analyzing module FDCPE_HD1360
INFO: [VRFC 10-311] analyzing module FDCPE_HD1361
INFO: [VRFC 10-311] analyzing module FDCPE_HD1362
INFO: [VRFC 10-311] analyzing module FDCPE_HD1363
INFO: [VRFC 10-311] analyzing module FDCPE_HD1364
INFO: [VRFC 10-311] analyzing module FDCPE_HD1365
INFO: [VRFC 10-311] analyzing module FDCPE_HD1366
INFO: [VRFC 10-311] analyzing module FDCPE_HD1367
INFO: [VRFC 10-311] analyzing module FDCPE_HD1368
INFO: [VRFC 10-311] analyzing module FDCPE_HD1369
INFO: [VRFC 10-311] analyzing module FDCPE_HD1370
INFO: [VRFC 10-311] analyzing module FDCPE_HD1371
INFO: [VRFC 10-311] analyzing module FDCPE_HD1372
INFO: [VRFC 10-311] analyzing module FDCPE_HD1373
INFO: [VRFC 10-311] analyzing module FDCPE_HD1374
INFO: [VRFC 10-311] analyzing module FDCPE_HD1375
INFO: [VRFC 10-311] analyzing module FDCPE_HD1376
INFO: [VRFC 10-311] analyzing module FDCPE_HD1377
INFO: [VRFC 10-311] analyzing module FDCPE_HD1378
INFO: [VRFC 10-311] analyzing module FDCPE_HD1379
INFO: [VRFC 10-311] analyzing module FDCPE_HD1380
INFO: [VRFC 10-311] analyzing module FDCPE_HD1381
INFO: [VRFC 10-311] analyzing module FDCPE_HD1382
INFO: [VRFC 10-311] analyzing module FDCPE_HD1383
INFO: [VRFC 10-311] analyzing module FDCPE_HD1384
INFO: [VRFC 10-311] analyzing module FDCPE_HD1385
INFO: [VRFC 10-311] analyzing module FDCPE_HD1386
INFO: [VRFC 10-311] analyzing module FDCPE_HD1387
INFO: [VRFC 10-311] analyzing module FDCPE_HD1388
INFO: [VRFC 10-311] analyzing module FDCPE_HD1389
INFO: [VRFC 10-311] analyzing module FDCPE_HD1390
INFO: [VRFC 10-311] analyzing module FDCPE_HD1391
INFO: [VRFC 10-311] analyzing module FDCPE_HD1392
INFO: [VRFC 10-311] analyzing module FDCPE_HD1393
INFO: [VRFC 10-311] analyzing module FDCPE_HD1394
INFO: [VRFC 10-311] analyzing module FDCPE_HD1395
INFO: [VRFC 10-311] analyzing module FDCPE_HD1396
INFO: [VRFC 10-311] analyzing module FDCPE_HD1397
INFO: [VRFC 10-311] analyzing module FDCPE_HD1398
INFO: [VRFC 10-311] analyzing module FDCPE_HD1399
INFO: [VRFC 10-311] analyzing module FDCPE_HD1400
INFO: [VRFC 10-311] analyzing module FDCPE_HD1401
INFO: [VRFC 10-311] analyzing module FDCPE_HD1402
INFO: [VRFC 10-311] analyzing module FDCPE_HD1403
INFO: [VRFC 10-311] analyzing module FDCPE_HD1404
INFO: [VRFC 10-311] analyzing module FDCPE_HD1405
INFO: [VRFC 10-311] analyzing module FDCPE_HD1406
INFO: [VRFC 10-311] analyzing module FDCPE_HD1407
INFO: [VRFC 10-311] analyzing module FDCPE_HD1408
INFO: [VRFC 10-311] analyzing module FDCPE_HD1409
INFO: [VRFC 10-311] analyzing module FDCPE_HD1410
INFO: [VRFC 10-311] analyzing module FDCPE_HD1411
INFO: [VRFC 10-311] analyzing module FDCPE_HD1412
INFO: [VRFC 10-311] analyzing module FDCPE_HD1413
INFO: [VRFC 10-311] analyzing module FDCPE_HD1414
INFO: [VRFC 10-311] analyzing module FDCPE_HD1415
INFO: [VRFC 10-311] analyzing module FDCPE_HD1416
INFO: [VRFC 10-311] analyzing module FDCPE_HD1417
INFO: [VRFC 10-311] analyzing module FDCPE_HD1418
INFO: [VRFC 10-311] analyzing module FDCPE_HD1419
INFO: [VRFC 10-311] analyzing module FDCPE_HD1420
INFO: [VRFC 10-311] analyzing module FDCPE_HD1421
INFO: [VRFC 10-311] analyzing module FDCPE_HD1422
INFO: [VRFC 10-311] analyzing module FDCPE_HD1423
INFO: [VRFC 10-311] analyzing module FDCPE_HD1424
INFO: [VRFC 10-311] analyzing module FDCPE_HD1425
INFO: [VRFC 10-311] analyzing module FDCPE_HD1426
INFO: [VRFC 10-311] analyzing module FDCPE_HD1427
INFO: [VRFC 10-311] analyzing module FDCPE_HD1428
INFO: [VRFC 10-311] analyzing module FDCPE_HD1429
INFO: [VRFC 10-311] analyzing module FDCPE_HD1430
INFO: [VRFC 10-311] analyzing module FDCPE_HD1431
INFO: [VRFC 10-311] analyzing module FDCPE_HD1432
INFO: [VRFC 10-311] analyzing module FDCPE_HD1433
INFO: [VRFC 10-311] analyzing module FDCPE_HD1434
INFO: [VRFC 10-311] analyzing module FDCPE_HD1435
INFO: [VRFC 10-311] analyzing module FDCPE_HD1436
INFO: [VRFC 10-311] analyzing module FDCPE_HD1437
INFO: [VRFC 10-311] analyzing module FDCPE_HD1438
INFO: [VRFC 10-311] analyzing module FDCPE_HD1439
INFO: [VRFC 10-311] analyzing module FDCPE_HD1440
INFO: [VRFC 10-311] analyzing module FDCPE_HD1441
INFO: [VRFC 10-311] analyzing module FDCPE_HD1442
INFO: [VRFC 10-311] analyzing module FDCPE_HD1443
INFO: [VRFC 10-311] analyzing module FDCPE_HD1444
INFO: [VRFC 10-311] analyzing module FDCPE_HD1445
INFO: [VRFC 10-311] analyzing module FDCPE_HD1446
INFO: [VRFC 10-311] analyzing module FDCPE_HD1447
INFO: [VRFC 10-311] analyzing module FDCPE_HD1448
INFO: [VRFC 10-311] analyzing module FDCPE_HD1449
INFO: [VRFC 10-311] analyzing module FDCPE_HD1450
INFO: [VRFC 10-311] analyzing module FDCPE_HD1451
INFO: [VRFC 10-311] analyzing module FDCPE_HD1452
INFO: [VRFC 10-311] analyzing module FDCPE_HD1453
INFO: [VRFC 10-311] analyzing module FDCPE_HD1454
INFO: [VRFC 10-311] analyzing module FDCPE_HD1455
INFO: [VRFC 10-311] analyzing module FDCPE_HD1456
INFO: [VRFC 10-311] analyzing module FDCPE_HD1457
INFO: [VRFC 10-311] analyzing module FDCPE_HD1458
INFO: [VRFC 10-311] analyzing module FDCPE_HD1459
INFO: [VRFC 10-311] analyzing module FDCPE_HD1460
INFO: [VRFC 10-311] analyzing module FDCPE_HD1461
INFO: [VRFC 10-311] analyzing module FDCPE_HD1462
INFO: [VRFC 10-311] analyzing module FDCPE_HD1463
INFO: [VRFC 10-311] analyzing module FDCPE_HD1464
INFO: [VRFC 10-311] analyzing module FDCPE_HD1465
INFO: [VRFC 10-311] analyzing module FDCPE_HD1466
INFO: [VRFC 10-311] analyzing module FDCPE_HD1467
INFO: [VRFC 10-311] analyzing module FDCPE_HD1468
INFO: [VRFC 10-311] analyzing module FDCPE_HD1469
INFO: [VRFC 10-311] analyzing module FDCPE_HD1470
INFO: [VRFC 10-311] analyzing module FDCPE_HD1471
INFO: [VRFC 10-311] analyzing module FDCPE_HD1472
INFO: [VRFC 10-311] analyzing module FDCPE_HD1473
INFO: [VRFC 10-311] analyzing module FDCPE_HD1474
INFO: [VRFC 10-311] analyzing module FDCPE_HD1475
INFO: [VRFC 10-311] analyzing module FDCPE_HD1476
INFO: [VRFC 10-311] analyzing module FDCPE_HD1477
INFO: [VRFC 10-311] analyzing module FDCPE_HD1478
INFO: [VRFC 10-311] analyzing module FDCPE_HD1479
INFO: [VRFC 10-311] analyzing module FDCPE_HD1480
INFO: [VRFC 10-311] analyzing module FDCPE_HD1481
INFO: [VRFC 10-311] analyzing module FDCPE_HD1482
INFO: [VRFC 10-311] analyzing module FDCPE_HD1483
INFO: [VRFC 10-311] analyzing module FDCPE_HD1484
INFO: [VRFC 10-311] analyzing module FDCPE_HD1485
INFO: [VRFC 10-311] analyzing module FDCPE_HD1486
INFO: [VRFC 10-311] analyzing module FDCPE_HD1487
INFO: [VRFC 10-311] analyzing module FDCPE_HD1488
INFO: [VRFC 10-311] analyzing module FDCPE_HD1489
INFO: [VRFC 10-311] analyzing module FDCPE_HD1490
INFO: [VRFC 10-311] analyzing module FDCPE_HD1491
INFO: [VRFC 10-311] analyzing module FDCPE_HD1492
INFO: [VRFC 10-311] analyzing module FDCPE_HD1493
INFO: [VRFC 10-311] analyzing module FDCPE_HD1494
INFO: [VRFC 10-311] analyzing module FDCPE_HD1495
INFO: [VRFC 10-311] analyzing module FDCPE_HD1496
INFO: [VRFC 10-311] analyzing module FDCPE_HD1497
INFO: [VRFC 10-311] analyzing module FDCPE_HD1498
INFO: [VRFC 10-311] analyzing module FDCPE_HD1499
INFO: [VRFC 10-311] analyzing module FDCPE_HD1500
INFO: [VRFC 10-311] analyzing module FDCPE_HD1501
INFO: [VRFC 10-311] analyzing module FDCPE_HD1502
INFO: [VRFC 10-311] analyzing module FDCPE_HD1503
INFO: [VRFC 10-311] analyzing module FDCPE_HD1504
INFO: [VRFC 10-311] analyzing module FDCPE_HD1505
INFO: [VRFC 10-311] analyzing module FDCPE_HD1506
INFO: [VRFC 10-311] analyzing module FDCPE_HD1507
INFO: [VRFC 10-311] analyzing module FDCPE_HD1508
INFO: [VRFC 10-311] analyzing module FDCPE_HD1509
INFO: [VRFC 10-311] analyzing module FDCPE_HD1510
INFO: [VRFC 10-311] analyzing module FDCPE_HD1511
INFO: [VRFC 10-311] analyzing module FDCPE_HD1512
INFO: [VRFC 10-311] analyzing module FDCPE_HD1513
INFO: [VRFC 10-311] analyzing module FDCPE_HD1514
INFO: [VRFC 10-311] analyzing module FDCPE_HD1515
INFO: [VRFC 10-311] analyzing module FDCPE_HD1516
INFO: [VRFC 10-311] analyzing module ARB
INFO: [VRFC 10-311] analyzing module B_Stage
INFO: [VRFC 10-311] analyzing module C
INFO: [VRFC 10-311] analyzing module CB
INFO: [VRFC 10-311] analyzing module CE
INFO: [VRFC 10-311] analyzing module CE__1
INFO: [VRFC 10-311] analyzing module CF
INFO: [VRFC 10-311] analyzing module CF__1
INFO: [VRFC 10-311] analyzing module CF__2
INFO: [VRFC 10-311] analyzing module CF__3
INFO: [VRFC 10-311] analyzing module CF__4
INFO: [VRFC 10-311] analyzing module CJ
INFO: [VRFC 10-311] analyzing module CJ__1
INFO: [VRFC 10-311] analyzing module CM
INFO: [VRFC 10-311] analyzing module CMEM
INFO: [VRFC 10-311] analyzing module COPY_Stage
INFO: [VRFC 10-311] analyzing module CX2
INFO: [VRFC 10-311] analyzing module C__1
INFO: [VRFC 10-311] analyzing module C__2
INFO: [VRFC 10-311] analyzing module C__3
INFO: [VRFC 10-311] analyzing module DMEM
INFO: [VRFC 10-311] analyzing module Delay_2ns
INFO: [VRFC 10-311] analyzing module Delay_2ns__1
INFO: [VRFC 10-311] analyzing module Delay_2ns__2
INFO: [VRFC 10-311] analyzing module Delay_2ns__3
INFO: [VRFC 10-311] analyzing module Delay_2ns__4
INFO: [VRFC 10-311] analyzing module Delay_2ns__5
INFO: [VRFC 10-311] analyzing module Delay_2ns__6
INFO: [VRFC 10-311] analyzing module Delay_2ns__7
INFO: [VRFC 10-311] analyzing module Delay_2ns__8
INFO: [VRFC 10-311] analyzing module Delay_2ns__9
INFO: [VRFC 10-311] analyzing module Delay_4ns
INFO: [VRFC 10-311] analyzing module Delay_4ns__1
INFO: [VRFC 10-311] analyzing module Delay_4ns__10
INFO: [VRFC 10-311] analyzing module Delay_4ns__11
INFO: [VRFC 10-311] analyzing module Delay_4ns__12
INFO: [VRFC 10-311] analyzing module Delay_4ns__13
INFO: [VRFC 10-311] analyzing module Delay_4ns__14
INFO: [VRFC 10-311] analyzing module Delay_4ns__15
INFO: [VRFC 10-311] analyzing module Delay_4ns__16
INFO: [VRFC 10-311] analyzing module Delay_4ns__17
INFO: [VRFC 10-311] analyzing module Delay_4ns__18
INFO: [VRFC 10-311] analyzing module Delay_4ns__19
INFO: [VRFC 10-311] analyzing module Delay_4ns__2
INFO: [VRFC 10-311] analyzing module Delay_4ns__20
INFO: [VRFC 10-311] analyzing module Delay_4ns__21
INFO: [VRFC 10-311] analyzing module Delay_4ns__22
INFO: [VRFC 10-311] analyzing module Delay_4ns__23
INFO: [VRFC 10-311] analyzing module Delay_4ns__24
INFO: [VRFC 10-311] analyzing module Delay_4ns__25
INFO: [VRFC 10-311] analyzing module Delay_4ns__26
INFO: [VRFC 10-311] analyzing module Delay_4ns__27
INFO: [VRFC 10-311] analyzing module Delay_4ns__28
INFO: [VRFC 10-311] analyzing module Delay_4ns__29
INFO: [VRFC 10-311] analyzing module Delay_4ns__3
INFO: [VRFC 10-311] analyzing module Delay_4ns__30
INFO: [VRFC 10-311] analyzing module Delay_4ns__31
INFO: [VRFC 10-311] analyzing module Delay_4ns__32
INFO: [VRFC 10-311] analyzing module Delay_4ns__33
INFO: [VRFC 10-311] analyzing module Delay_4ns__4
INFO: [VRFC 10-311] analyzing module Delay_4ns__5
INFO: [VRFC 10-311] analyzing module Delay_4ns__6
INFO: [VRFC 10-311] analyzing module Delay_4ns__7
INFO: [VRFC 10-311] analyzing module Delay_4ns__8
INFO: [VRFC 10-311] analyzing module Delay_4ns__9
INFO: [VRFC 10-311] analyzing module ENTRY_FD
INFO: [VRFC 10-311] analyzing module ENTRY_FD__1
INFO: [VRFC 10-311] analyzing module ENTRY_FD__10
INFO: [VRFC 10-311] analyzing module ENTRY_FD__11
INFO: [VRFC 10-311] analyzing module ENTRY_FD__12
INFO: [VRFC 10-311] analyzing module ENTRY_FD__13
INFO: [VRFC 10-311] analyzing module ENTRY_FD__14
INFO: [VRFC 10-311] analyzing module ENTRY_FD__15
INFO: [VRFC 10-311] analyzing module ENTRY_FD__16
INFO: [VRFC 10-311] analyzing module ENTRY_FD__17
INFO: [VRFC 10-311] analyzing module ENTRY_FD__18
INFO: [VRFC 10-311] analyzing module ENTRY_FD__19
INFO: [VRFC 10-311] analyzing module ENTRY_FD__2
INFO: [VRFC 10-311] analyzing module ENTRY_FD__3
INFO: [VRFC 10-311] analyzing module ENTRY_FD__4
INFO: [VRFC 10-311] analyzing module ENTRY_FD__5
INFO: [VRFC 10-311] analyzing module ENTRY_FD__6
INFO: [VRFC 10-311] analyzing module ENTRY_FD__7
INFO: [VRFC 10-311] analyzing module ENTRY_FD__8
INFO: [VRFC 10-311] analyzing module ENTRY_FD__9
INFO: [VRFC 10-311] analyzing module FP_Stage
INFO: [VRFC 10-311] analyzing module JOIN_DDP
INFO: [VRFC 10-311] analyzing module MA_Stage
INFO: [VRFC 10-311] analyzing module MMCAM_Stage
INFO: [VRFC 10-311] analyzing module MMRAM
INFO: [VRFC 10-311] analyzing module MMRAM_Stage
INFO: [VRFC 10-311] analyzing module M_Stage
INFO: [VRFC 10-311] analyzing module OR_AM_MA
INFO: [VRFC 10-311] analyzing module PS
INFO: [VRFC 10-311] analyzing module PS_Stage
INFO: [VRFC 10-311] analyzing module SubPS
INFO: [VRFC 10-311] analyzing module CMEM_blk_mem_gen_generic_cstr
INFO: [VRFC 10-311] analyzing module CMEM_blk_mem_gen_prim_width
INFO: [VRFC 10-311] analyzing module CMEM_blk_mem_gen_prim_wrapper_init
INFO: [VRFC 10-311] analyzing module CMEM_blk_mem_gen_top
INFO: [VRFC 10-311] analyzing module CMEM_blk_mem_gen_v8_4_8
INFO: [VRFC 10-311] analyzing module CMEM_blk_mem_gen_v8_4_8_synth
INFO: [VRFC 10-311] analyzing module DMEM_blk_mem_gen_generic_cstr
INFO: [VRFC 10-311] analyzing module DMEM_blk_mem_gen_prim_width
INFO: [VRFC 10-311] analyzing module DMEM_blk_mem_gen_prim_wrapper
INFO: [VRFC 10-311] analyzing module DMEM_blk_mem_gen_top
INFO: [VRFC 10-311] analyzing module DMEM_blk_mem_gen_v8_4_8
INFO: [VRFC 10-311] analyzing module DMEM_blk_mem_gen_v8_4_8_synth
INFO: [VRFC 10-311] analyzing module MMRAM_blk_mem_gen_generic_cstr
INFO: [VRFC 10-311] analyzing module MMRAM_blk_mem_gen_prim_width
INFO: [VRFC 10-311] analyzing module MMRAM_blk_mem_gen_prim_wrapper
INFO: [VRFC 10-311] analyzing module MMRAM_blk_mem_gen_top
INFO: [VRFC 10-311] analyzing module MMRAM_blk_mem_gen_v8_4_8
INFO: [VRFC 10-311] analyzing module MMRAM_blk_mem_gen_v8_4_8_synth
INFO: [VRFC 10-311] analyzing module PS_blk_mem_gen_generic_cstr
INFO: [VRFC 10-311] analyzing module PS_blk_mem_gen_prim_width
INFO: [VRFC 10-311] analyzing module PS_blk_mem_gen_prim_wrapper_init
INFO: [VRFC 10-311] analyzing module PS_blk_mem_gen_top
INFO: [VRFC 10-311] analyzing module PS_blk_mem_gen_v8_4_8
INFO: [VRFC 10-311] analyzing module PS_blk_mem_gen_v8_4_8_synth
INFO: [VRFC 10-311] analyzing module SubPS_blk_mem_gen_generic_cstr
INFO: [VRFC 10-311] analyzing module SubPS_blk_mem_gen_prim_width
INFO: [VRFC 10-311] analyzing module SubPS_blk_mem_gen_prim_wrapper_init
INFO: [VRFC 10-311] analyzing module SubPS_blk_mem_gen_top
INFO: [VRFC 10-311] analyzing module SubPS_blk_mem_gen_v8_4_8
INFO: [VRFC 10-311] analyzing module SubPS_blk_mem_gen_v8_4_8_synth
INFO: [VRFC 10-311] analyzing module glbl
INFO: [VRFC 10-2263] Analyzing Verilog file "C:/Users/OkuhiraShunri/Documents/verilog/DDP/vivado/sim2/HDL/JOIN_DDP_SIM.v" into library xil_defaultlib
INFO: [VRFC 10-311] analyzing module JOIN_DDP_SIM
