INFO: [VRFC 10-2263] Analyzing Verilog file "C:/Users/OkuhiraShunri/Documents/verilog/DDP/vivado/sim/DDP.sim/sim_1/impl/timing/xsim/JOIN_DDP_SIM_time_impl.v" into library xil_defaultlib
INFO: [VRFC 10-311] analyzing module FDCP_UNIQ_BASE_
INFO: [VRFC 10-311] analyzing module FDCPE_UNIQ_BASE_
INFO: [VRFC 10-311] analyzing module FDCPE_HD382
INFO: [VRFC 10-311] analyzing module FDCPE_HD383
INFO: [VRFC 10-311] analyzing module FDCPE_HD384
INFO: [VRFC 10-311] analyzing module FDCPE_HD385
INFO: [VRFC 10-311] analyzing module FDCPE_HD386
INFO: [VRFC 10-311] analyzing module FDCPE_HD387
INFO: [VRFC 10-311] analyzing module FDCPE_HD388
INFO: [VRFC 10-311] analyzing module FDCPE_HD389
INFO: [VRFC 10-311] analyzing module FDCPE_HD390
INFO: [VRFC 10-311] analyzing module FDCPE_HD391
INFO: [VRFC 10-311] analyzing module FDCPE_HD392
INFO: [VRFC 10-311] analyzing module FDCPE_HD393
INFO: [VRFC 10-311] analyzing module FDCPE_HD394
INFO: [VRFC 10-311] analyzing module FDCPE_HD395
INFO: [VRFC 10-311] analyzing module FDCPE_HD396
INFO: [VRFC 10-311] analyzing module FDCPE_HD397
INFO: [VRFC 10-311] analyzing module FDCPE_HD398
INFO: [VRFC 10-311] analyzing module FDCPE_HD399
INFO: [VRFC 10-311] analyzing module FDCPE_HD400
INFO: [VRFC 10-311] analyzing module FDCPE_HD401
INFO: [VRFC 10-311] analyzing module FDCPE_HD402
INFO: [VRFC 10-311] analyzing module FDCPE_HD403
INFO: [VRFC 10-311] analyzing module FDCPE_HD404
INFO: [VRFC 10-311] analyzing module FDCPE_HD405
INFO: [VRFC 10-311] analyzing module FDCPE_HD406
INFO: [VRFC 10-311] analyzing module FDCPE_HD407
INFO: [VRFC 10-311] analyzing module FDCPE_HD408
INFO: [VRFC 10-311] analyzing module FDCPE_HD409
INFO: [VRFC 10-311] analyzing module FDCPE_HD410
INFO: [VRFC 10-311] analyzing module FDCPE_HD411
INFO: [VRFC 10-311] analyzing module FDCPE_HD412
INFO: [VRFC 10-311] analyzing module FDCPE_HD413
INFO: [VRFC 10-311] analyzing module FDCPE_HD414
INFO: [VRFC 10-311] analyzing module FDCPE_HD415
INFO: [VRFC 10-311] analyzing module FDCPE_HD416
INFO: [VRFC 10-311] analyzing module FDCPE_HD417
INFO: [VRFC 10-311] analyzing module FDCPE_HD418
INFO: [VRFC 10-311] analyzing module FDCPE_HD419
INFO: [VRFC 10-311] analyzing module FDCPE_HD420
INFO: [VRFC 10-311] analyzing module FDCPE_HD421
INFO: [VRFC 10-311] analyzing module FDCPE_HD422
INFO: [VRFC 10-311] analyzing module FDCPE_HD423
INFO: [VRFC 10-311] analyzing module FDCPE_HD424
INFO: [VRFC 10-311] analyzing module FDCPE_HD425
INFO: [VRFC 10-311] analyzing module FDCPE_HD426
INFO: [VRFC 10-311] analyzing module FDCPE_HD427
INFO: [VRFC 10-311] analyzing module FDCPE_HD428
INFO: [VRFC 10-311] analyzing module FDCPE_HD429
INFO: [VRFC 10-311] analyzing module FDCPE_HD430
INFO: [VRFC 10-311] analyzing module FDCPE_HD431
INFO: [VRFC 10-311] analyzing module FDCPE_HD432
INFO: [VRFC 10-311] analyzing module FDCPE_HD433
INFO: [VRFC 10-311] analyzing module FDCPE_HD434
INFO: [VRFC 10-311] analyzing module FDCPE_HD435
INFO: [VRFC 10-311] analyzing module FDCPE_HD436
INFO: [VRFC 10-311] analyzing module FDCPE_HD437
INFO: [VRFC 10-311] analyzing module FDCPE_HD438
INFO: [VRFC 10-311] analyzing module FDCPE_HD439
INFO: [VRFC 10-311] analyzing module FDCPE_HD440
INFO: [VRFC 10-311] analyzing module FDCPE_HD441
INFO: [VRFC 10-311] analyzing module FDCPE_HD442
INFO: [VRFC 10-311] analyzing module FDCPE_HD443
INFO: [VRFC 10-311] analyzing module FDCPE_HD444
INFO: [VRFC 10-311] analyzing module FDCPE_HD445
INFO: [VRFC 10-311] analyzing module FDCPE_HD446
INFO: [VRFC 10-311] analyzing module FDCPE_HD447
INFO: [VRFC 10-311] analyzing module FDCPE_HD448
INFO: [VRFC 10-311] analyzing module FDCPE_HD449
INFO: [VRFC 10-311] analyzing module FDCPE_HD450
INFO: [VRFC 10-311] analyzing module FDCPE_HD451
INFO: [VRFC 10-311] analyzing module FDCPE_HD452
INFO: [VRFC 10-311] analyzing module FDCPE_HD453
INFO: [VRFC 10-311] analyzing module FDCPE_HD454
INFO: [VRFC 10-311] analyzing module FDCPE_HD455
INFO: [VRFC 10-311] analyzing module FDCPE_HD456
INFO: [VRFC 10-311] analyzing module FDCPE_HD457
INFO: [VRFC 10-311] analyzing module FDCPE_HD458
INFO: [VRFC 10-311] analyzing module FDCPE_HD459
INFO: [VRFC 10-311] analyzing module FDCPE_HD460
INFO: [VRFC 10-311] analyzing module FDCPE_HD461
INFO: [VRFC 10-311] analyzing module FDCPE_HD462
INFO: [VRFC 10-311] analyzing module FDCPE_HD463
INFO: [VRFC 10-311] analyzing module FDCPE_HD464
INFO: [VRFC 10-311] analyzing module FDCPE_HD465
INFO: [VRFC 10-311] analyzing module FDCPE_HD466
INFO: [VRFC 10-311] analyzing module FDCPE_HD467
INFO: [VRFC 10-311] analyzing module FDCPE_HD468
INFO: [VRFC 10-311] analyzing module FDCPE_HD469
INFO: [VRFC 10-311] analyzing module FDCPE_HD470
INFO: [VRFC 10-311] analyzing module FDCPE_HD471
INFO: [VRFC 10-311] analyzing module FDCPE_HD472
INFO: [VRFC 10-311] analyzing module FDCPE_HD473
INFO: [VRFC 10-311] analyzing module FDCPE_HD474
INFO: [VRFC 10-311] analyzing module FDCPE_HD475
INFO: [VRFC 10-311] analyzing module FDCPE_HD476
INFO: [VRFC 10-311] analyzing module FDCPE_HD477
INFO: [VRFC 10-311] analyzing module FDCPE_HD478
INFO: [VRFC 10-311] analyzing module FDCPE_HD479
INFO: [VRFC 10-311] analyzing module FDCPE_HD480
INFO: [VRFC 10-311] analyzing module FDCPE_HD481
INFO: [VRFC 10-311] analyzing module FDCPE_HD482
INFO: [VRFC 10-311] analyzing module FDCPE_HD483
INFO: [VRFC 10-311] analyzing module FDCPE_HD484
INFO: [VRFC 10-311] analyzing module FDCPE_HD485
INFO: [VRFC 10-311] analyzing module FDCPE_HD486
INFO: [VRFC 10-311] analyzing module FDCPE_HD487
INFO: [VRFC 10-311] analyzing module FDCPE_HD488
INFO: [VRFC 10-311] analyzing module FDCPE_HD489
INFO: [VRFC 10-311] analyzing module FDCPE_HD490
INFO: [VRFC 10-311] analyzing module FDCPE_HD491
INFO: [VRFC 10-311] analyzing module FDCPE_HD492
INFO: [VRFC 10-311] analyzing module FDCPE_HD493
INFO: [VRFC 10-311] analyzing module FDCPE_HD494
INFO: [VRFC 10-311] analyzing module FDCPE_HD495
INFO: [VRFC 10-311] analyzing module FDCPE_HD496
INFO: [VRFC 10-311] analyzing module FDCPE_HD497
INFO: [VRFC 10-311] analyzing module FDCPE_HD498
INFO: [VRFC 10-311] analyzing module FDCPE_HD499
INFO: [VRFC 10-311] analyzing module FDCPE_HD500
INFO: [VRFC 10-311] analyzing module FDCPE_HD501
INFO: [VRFC 10-311] analyzing module FDCPE_HD502
INFO: [VRFC 10-311] analyzing module FDCPE_HD503
INFO: [VRFC 10-311] analyzing module FDCPE_HD504
INFO: [VRFC 10-311] analyzing module FDCPE_HD505
INFO: [VRFC 10-311] analyzing module FDCPE_HD506
INFO: [VRFC 10-311] analyzing module FDCPE_HD507
INFO: [VRFC 10-311] analyzing module FDCPE_HD508
INFO: [VRFC 10-311] analyzing module FDCPE_HD509
INFO: [VRFC 10-311] analyzing module FDCPE_HD510
INFO: [VRFC 10-311] analyzing module FDCPE_HD511
INFO: [VRFC 10-311] analyzing module FDCPE_HD512
INFO: [VRFC 10-311] analyzing module FDCPE_HD513
INFO: [VRFC 10-311] analyzing module FDCPE_HD514
INFO: [VRFC 10-311] analyzing module FDCPE_HD515
INFO: [VRFC 10-311] analyzing module FDCPE_HD516
INFO: [VRFC 10-311] analyzing module FDCPE_HD517
INFO: [VRFC 10-311] analyzing module FDCPE_HD518
INFO: [VRFC 10-311] analyzing module FDCPE_HD519
INFO: [VRFC 10-311] analyzing module FDCPE_HD520
INFO: [VRFC 10-311] analyzing module FDCPE_HD521
INFO: [VRFC 10-311] analyzing module FDCPE_HD522
INFO: [VRFC 10-311] analyzing module FDCPE_HD523
INFO: [VRFC 10-311] analyzing module FDCPE_HD524
INFO: [VRFC 10-311] analyzing module FDCPE_HD525
INFO: [VRFC 10-311] analyzing module FDCPE_HD526
INFO: [VRFC 10-311] analyzing module FDCPE_HD527
INFO: [VRFC 10-311] analyzing module FDCPE_HD528
INFO: [VRFC 10-311] analyzing module FDCPE_HD529
INFO: [VRFC 10-311] analyzing module FDCPE_HD530
INFO: [VRFC 10-311] analyzing module FDCPE_HD531
INFO: [VRFC 10-311] analyzing module FDCPE_HD532
INFO: [VRFC 10-311] analyzing module FDCPE_HD533
INFO: [VRFC 10-311] analyzing module FDCPE_HD534
INFO: [VRFC 10-311] analyzing module FDCPE_HD535
INFO: [VRFC 10-311] analyzing module FDCPE_HD536
INFO: [VRFC 10-311] analyzing module FDCPE_HD537
INFO: [VRFC 10-311] analyzing module FDCPE_HD538
INFO: [VRFC 10-311] analyzing module FDCPE_HD539
INFO: [VRFC 10-311] analyzing module FDCPE_HD540
INFO: [VRFC 10-311] analyzing module FDCPE_HD541
INFO: [VRFC 10-311] analyzing module FDCPE_HD542
INFO: [VRFC 10-311] analyzing module FDCPE_HD543
INFO: [VRFC 10-311] analyzing module FDCPE_HD544
INFO: [VRFC 10-311] analyzing module FDCPE_HD545
INFO: [VRFC 10-311] analyzing module FDCPE_HD546
INFO: [VRFC 10-311] analyzing module FDCPE_HD547
INFO: [VRFC 10-311] analyzing module FDCPE_HD548
INFO: [VRFC 10-311] analyzing module FDCPE_HD549
INFO: [VRFC 10-311] analyzing module FDCPE_HD550
INFO: [VRFC 10-311] analyzing module FDCPE_HD551
INFO: [VRFC 10-311] analyzing module FDCPE_HD552
INFO: [VRFC 10-311] analyzing module FDCPE_HD553
INFO: [VRFC 10-311] analyzing module FDCPE_HD554
INFO: [VRFC 10-311] analyzing module FDCPE_HD555
INFO: [VRFC 10-311] analyzing module FDCPE_HD556
INFO: [VRFC 10-311] analyzing module FDCPE_HD557
INFO: [VRFC 10-311] analyzing module FDCPE_HD558
INFO: [VRFC 10-311] analyzing module FDCPE_HD559
INFO: [VRFC 10-311] analyzing module FDCPE_HD560
INFO: [VRFC 10-311] analyzing module FDCPE_HD561
INFO: [VRFC 10-311] analyzing module FDCPE_HD562
INFO: [VRFC 10-311] analyzing module FDCPE_HD563
INFO: [VRFC 10-311] analyzing module FDCPE_HD564
INFO: [VRFC 10-311] analyzing module FDCPE_HD565
INFO: [VRFC 10-311] analyzing module FDCPE_HD566
INFO: [VRFC 10-311] analyzing module FDCPE_HD567
INFO: [VRFC 10-311] analyzing module FDCPE_HD568
INFO: [VRFC 10-311] analyzing module FDCPE_HD569
INFO: [VRFC 10-311] analyzing module FDCPE_HD570
INFO: [VRFC 10-311] analyzing module FDCPE_HD571
INFO: [VRFC 10-311] analyzing module FDCPE_HD572
INFO: [VRFC 10-311] analyzing module FDCPE_HD573
INFO: [VRFC 10-311] analyzing module FDCPE_HD574
INFO: [VRFC 10-311] analyzing module FDCPE_HD575
INFO: [VRFC 10-311] analyzing module FDCPE_HD576
INFO: [VRFC 10-311] analyzing module FDCPE_HD577
INFO: [VRFC 10-311] analyzing module FDCPE_HD578
INFO: [VRFC 10-311] analyzing module FDCPE_HD579
INFO: [VRFC 10-311] analyzing module FDCPE_HD580
INFO: [VRFC 10-311] analyzing module FDCPE_HD581
INFO: [VRFC 10-311] analyzing module FDCPE_HD582
INFO: [VRFC 10-311] analyzing module FDCPE_HD583
INFO: [VRFC 10-311] analyzing module FDCPE_HD584
INFO: [VRFC 10-311] analyzing module FDCPE_HD585
INFO: [VRFC 10-311] analyzing module FDCPE_HD586
INFO: [VRFC 10-311] analyzing module FDCPE_HD587
INFO: [VRFC 10-311] analyzing module FDCPE_HD588
INFO: [VRFC 10-311] analyzing module FDCPE_HD589
INFO: [VRFC 10-311] analyzing module FDCPE_HD590
INFO: [VRFC 10-311] analyzing module FDCPE_HD591
INFO: [VRFC 10-311] analyzing module FDCPE_HD592
INFO: [VRFC 10-311] analyzing module FDCPE_HD593
INFO: [VRFC 10-311] analyzing module FDCPE_HD594
INFO: [VRFC 10-311] analyzing module FDCPE_HD595
INFO: [VRFC 10-311] analyzing module FDCPE_HD596
INFO: [VRFC 10-311] analyzing module FDCPE_HD597
INFO: [VRFC 10-311] analyzing module FDCPE_HD598
INFO: [VRFC 10-311] analyzing module FDCPE_HD599
INFO: [VRFC 10-311] analyzing module FDCPE_HD600
INFO: [VRFC 10-311] analyzing module FDCPE_HD601
INFO: [VRFC 10-311] analyzing module FDCPE_HD602
INFO: [VRFC 10-311] analyzing module FDCPE_HD603
INFO: [VRFC 10-311] analyzing module FDCPE_HD604
INFO: [VRFC 10-311] analyzing module FDCPE_HD605
INFO: [VRFC 10-311] analyzing module FDCPE_HD606
INFO: [VRFC 10-311] analyzing module FDCPE_HD607
INFO: [VRFC 10-311] analyzing module FDCPE_HD608
INFO: [VRFC 10-311] analyzing module FDCPE_HD609
INFO: [VRFC 10-311] analyzing module FDCPE_HD610
INFO: [VRFC 10-311] analyzing module FDCPE_HD611
INFO: [VRFC 10-311] analyzing module FDCPE_HD612
INFO: [VRFC 10-311] analyzing module FDCPE_HD613
INFO: [VRFC 10-311] analyzing module FDCPE_HD614
INFO: [VRFC 10-311] analyzing module FDCPE_HD615
INFO: [VRFC 10-311] analyzing module FDCPE_HD616
INFO: [VRFC 10-311] analyzing module FDCPE_HD617
INFO: [VRFC 10-311] analyzing module FDCPE_HD618
INFO: [VRFC 10-311] analyzing module FDCPE_HD619
INFO: [VRFC 10-311] analyzing module FDCPE_HD620
INFO: [VRFC 10-311] analyzing module FDCPE_HD621
INFO: [VRFC 10-311] analyzing module FDCPE_HD622
INFO: [VRFC 10-311] analyzing module FDCPE_HD623
INFO: [VRFC 10-311] analyzing module FDCPE_HD624
INFO: [VRFC 10-311] analyzing module FDCPE_HD625
INFO: [VRFC 10-311] analyzing module FDCPE_HD626
INFO: [VRFC 10-311] analyzing module FDCPE_HD627
INFO: [VRFC 10-311] analyzing module FDCPE_HD628
INFO: [VRFC 10-311] analyzing module FDCPE_HD629
INFO: [VRFC 10-311] analyzing module FDCPE_HD630
INFO: [VRFC 10-311] analyzing module FDCPE_HD631
INFO: [VRFC 10-311] analyzing module FDCPE_HD632
INFO: [VRFC 10-311] analyzing module FDCPE_HD633
INFO: [VRFC 10-311] analyzing module FDCPE_HD634
INFO: [VRFC 10-311] analyzing module FDCPE_HD635
INFO: [VRFC 10-311] analyzing module FDCPE_HD636
INFO: [VRFC 10-311] analyzing module FDCPE_HD637
INFO: [VRFC 10-311] analyzing module FDCPE_HD638
INFO: [VRFC 10-311] analyzing module FDCPE_HD639
INFO: [VRFC 10-311] analyzing module FDCPE_HD640
INFO: [VRFC 10-311] analyzing module FDCPE_HD641
INFO: [VRFC 10-311] analyzing module FDCPE_HD642
INFO: [VRFC 10-311] analyzing module FDCPE_HD643
INFO: [VRFC 10-311] analyzing module FDCPE_HD644
INFO: [VRFC 10-311] analyzing module FDCPE_HD645
INFO: [VRFC 10-311] analyzing module FDCPE_HD646
INFO: [VRFC 10-311] analyzing module FDCPE_HD647
INFO: [VRFC 10-311] analyzing module FDCPE_HD648
INFO: [VRFC 10-311] analyzing module FDCPE_HD649
INFO: [VRFC 10-311] analyzing module FDCPE_HD650
INFO: [VRFC 10-311] analyzing module FDCPE_HD651
INFO: [VRFC 10-311] analyzing module FDCPE_HD652
INFO: [VRFC 10-311] analyzing module FDCPE_HD653
INFO: [VRFC 10-311] analyzing module FDCPE_HD654
INFO: [VRFC 10-311] analyzing module FDCPE_HD655
INFO: [VRFC 10-311] analyzing module FDCPE_HD656
INFO: [VRFC 10-311] analyzing module FDCPE_HD657
INFO: [VRFC 10-311] analyzing module FDCPE_HD658
INFO: [VRFC 10-311] analyzing module FDCPE_HD659
INFO: [VRFC 10-311] analyzing module FDCPE_HD660
INFO: [VRFC 10-311] analyzing module FDCPE_HD661
INFO: [VRFC 10-311] analyzing module FDCPE_HD662
INFO: [VRFC 10-311] analyzing module FDCPE_HD663
INFO: [VRFC 10-311] analyzing module FDCPE_HD664
INFO: [VRFC 10-311] analyzing module FDCPE_HD665
INFO: [VRFC 10-311] analyzing module FDCPE_HD666
INFO: [VRFC 10-311] analyzing module FDCPE_HD667
INFO: [VRFC 10-311] analyzing module FDCPE_HD668
INFO: [VRFC 10-311] analyzing module FDCPE_HD669
INFO: [VRFC 10-311] analyzing module FDCPE_HD670
INFO: [VRFC 10-311] analyzing module FDCPE_HD671
INFO: [VRFC 10-311] analyzing module FDCPE_HD672
INFO: [VRFC 10-311] analyzing module FDCPE_HD673
INFO: [VRFC 10-311] analyzing module FDCPE_HD674
INFO: [VRFC 10-311] analyzing module FDCPE_HD675
INFO: [VRFC 10-311] analyzing module FDCPE_HD676
INFO: [VRFC 10-311] analyzing module FDCPE_HD677
INFO: [VRFC 10-311] analyzing module FDCPE_HD678
INFO: [VRFC 10-311] analyzing module FDCPE_HD679
INFO: [VRFC 10-311] analyzing module FDCPE_HD680
INFO: [VRFC 10-311] analyzing module FDCPE_HD681
INFO: [VRFC 10-311] analyzing module FDCPE_HD682
INFO: [VRFC 10-311] analyzing module FDCPE_HD683
INFO: [VRFC 10-311] analyzing module FDCPE_HD684
INFO: [VRFC 10-311] analyzing module FDCPE_HD685
INFO: [VRFC 10-311] analyzing module FDCPE_HD686
INFO: [VRFC 10-311] analyzing module FDCPE_HD687
INFO: [VRFC 10-311] analyzing module FDCPE_HD688
INFO: [VRFC 10-311] analyzing module FDCPE_HD689
INFO: [VRFC 10-311] analyzing module FDCPE_HD690
INFO: [VRFC 10-311] analyzing module FDCPE_HD691
INFO: [VRFC 10-311] analyzing module FDCPE_HD692
INFO: [VRFC 10-311] analyzing module FDCPE_HD693
INFO: [VRFC 10-311] analyzing module FDCPE_HD694
INFO: [VRFC 10-311] analyzing module FDCPE_HD695
INFO: [VRFC 10-311] analyzing module FDCPE_HD696
INFO: [VRFC 10-311] analyzing module FDCPE_HD697
INFO: [VRFC 10-311] analyzing module FDCPE_HD698
INFO: [VRFC 10-311] analyzing module FDCPE_HD699
INFO: [VRFC 10-311] analyzing module FDCPE_HD700
INFO: [VRFC 10-311] analyzing module FDCPE_HD701
INFO: [VRFC 10-311] analyzing module FDCPE_HD702
INFO: [VRFC 10-311] analyzing module FDCPE_HD703
INFO: [VRFC 10-311] analyzing module FDCPE_HD704
INFO: [VRFC 10-311] analyzing module FDCPE_HD705
INFO: [VRFC 10-311] analyzing module FDCPE_HD706
INFO: [VRFC 10-311] analyzing module FDCPE_HD707
INFO: [VRFC 10-311] analyzing module FDCPE_HD708
INFO: [VRFC 10-311] analyzing module FDCPE_HD709
INFO: [VRFC 10-311] analyzing module FDCPE_HD710
INFO: [VRFC 10-311] analyzing module FDCPE_HD711
INFO: [VRFC 10-311] analyzing module FDCPE_HD712
INFO: [VRFC 10-311] analyzing module FDCPE_HD713
INFO: [VRFC 10-311] analyzing module FDCPE_HD714
INFO: [VRFC 10-311] analyzing module FDCPE_HD715
INFO: [VRFC 10-311] analyzing module FDCPE_HD716
INFO: [VRFC 10-311] analyzing module FDCPE_HD717
INFO: [VRFC 10-311] analyzing module FDCPE_HD718
INFO: [VRFC 10-311] analyzing module FDCPE_HD719
INFO: [VRFC 10-311] analyzing module FDCPE_HD720
INFO: [VRFC 10-311] analyzing module FDCPE_HD721
INFO: [VRFC 10-311] analyzing module FDCPE_HD722
INFO: [VRFC 10-311] analyzing module FDCPE_HD723
INFO: [VRFC 10-311] analyzing module FDCPE_HD724
INFO: [VRFC 10-311] analyzing module FDCPE_HD725
INFO: [VRFC 10-311] analyzing module FDCPE_HD726
INFO: [VRFC 10-311] analyzing module FDCPE_HD727
INFO: [VRFC 10-311] analyzing module FDCPE_HD728
INFO: [VRFC 10-311] analyzing module FDCPE_HD729
INFO: [VRFC 10-311] analyzing module FDCPE_HD730
INFO: [VRFC 10-311] analyzing module FDCPE_HD731
INFO: [VRFC 10-311] analyzing module FDCPE_HD732
INFO: [VRFC 10-311] analyzing module FDCPE_HD733
INFO: [VRFC 10-311] analyzing module FDCPE_HD734
INFO: [VRFC 10-311] analyzing module FDCPE_HD735
INFO: [VRFC 10-311] analyzing module FDCPE_HD736
INFO: [VRFC 10-311] analyzing module FDCPE_HD737
INFO: [VRFC 10-311] analyzing module FDCPE_HD738
INFO: [VRFC 10-311] analyzing module FDCPE_HD739
INFO: [VRFC 10-311] analyzing module FDCPE_HD740
INFO: [VRFC 10-311] analyzing module FDCPE_HD741
INFO: [VRFC 10-311] analyzing module FDCPE_HD742
INFO: [VRFC 10-311] analyzing module FDCPE_HD743
INFO: [VRFC 10-311] analyzing module FDCPE_HD744
INFO: [VRFC 10-311] analyzing module FDCPE_HD745
INFO: [VRFC 10-311] analyzing module FDCPE_HD746
INFO: [VRFC 10-311] analyzing module FDCPE_HD747
INFO: [VRFC 10-311] analyzing module FDCPE_HD748
INFO: [VRFC 10-311] analyzing module FDCPE_HD749
INFO: [VRFC 10-311] analyzing module FDCPE_HD750
INFO: [VRFC 10-311] analyzing module FDCPE_HD751
INFO: [VRFC 10-311] analyzing module FDCPE_HD752
INFO: [VRFC 10-311] analyzing module FDCPE_HD753
INFO: [VRFC 10-311] analyzing module FDCPE_HD754
INFO: [VRFC 10-311] analyzing module FDCPE_HD755
INFO: [VRFC 10-311] analyzing module FDCPE_HD756
INFO: [VRFC 10-311] analyzing module FDCPE_HD757
INFO: [VRFC 10-311] analyzing module FDCPE_HD758
INFO: [VRFC 10-311] analyzing module FDCPE_HD759
INFO: [VRFC 10-311] analyzing module FDCPE_HD760
INFO: [VRFC 10-311] analyzing module FDCP_HD381
INFO: [VRFC 10-311] analyzing module ARB
INFO: [VRFC 10-311] analyzing module B_Stage
INFO: [VRFC 10-311] analyzing module C
INFO: [VRFC 10-311] analyzing module CB
INFO: [VRFC 10-311] analyzing module CE
INFO: [VRFC 10-311] analyzing module CE__1
INFO: [VRFC 10-311] analyzing module CF
INFO: [VRFC 10-311] analyzing module CF__1
INFO: [VRFC 10-311] analyzing module CF__2
INFO: [VRFC 10-311] analyzing module CF__3
INFO: [VRFC 10-311] analyzing module CF__4
INFO: [VRFC 10-311] analyzing module CJ
INFO: [VRFC 10-311] analyzing module CJ__1
INFO: [VRFC 10-311] analyzing module CM
INFO: [VRFC 10-311] analyzing module COPY_Stage
INFO: [VRFC 10-311] analyzing module CX2
INFO: [VRFC 10-311] analyzing module C__1
INFO: [VRFC 10-311] analyzing module C__2
INFO: [VRFC 10-311] analyzing module C__3
INFO: [VRFC 10-311] analyzing module Delay_2ns
INFO: [VRFC 10-311] analyzing module Delay_2ns__1
INFO: [VRFC 10-311] analyzing module Delay_2ns__2
INFO: [VRFC 10-311] analyzing module Delay_2ns__3
INFO: [VRFC 10-311] analyzing module Delay_2ns__4
INFO: [VRFC 10-311] analyzing module Delay_4ns
INFO: [VRFC 10-311] analyzing module Delay_4ns__1
INFO: [VRFC 10-311] analyzing module Delay_4ns__10
INFO: [VRFC 10-311] analyzing module Delay_4ns__11
INFO: [VRFC 10-311] analyzing module Delay_4ns__12
INFO: [VRFC 10-311] analyzing module Delay_4ns__13
INFO: [VRFC 10-311] analyzing module Delay_4ns__14
INFO: [VRFC 10-311] analyzing module Delay_4ns__15
INFO: [VRFC 10-311] analyzing module Delay_4ns__16
INFO: [VRFC 10-311] analyzing module Delay_4ns__17
INFO: [VRFC 10-311] analyzing module Delay_4ns__18
INFO: [VRFC 10-311] analyzing module Delay_4ns__19
INFO: [VRFC 10-311] analyzing module Delay_4ns__2
INFO: [VRFC 10-311] analyzing module Delay_4ns__20
INFO: [VRFC 10-311] analyzing module Delay_4ns__21
INFO: [VRFC 10-311] analyzing module Delay_4ns__22
INFO: [VRFC 10-311] analyzing module Delay_4ns__23
INFO: [VRFC 10-311] analyzing module Delay_4ns__24
INFO: [VRFC 10-311] analyzing module Delay_4ns__25
INFO: [VRFC 10-311] analyzing module Delay_4ns__26
INFO: [VRFC 10-311] analyzing module Delay_4ns__27
INFO: [VRFC 10-311] analyzing module Delay_4ns__28
INFO: [VRFC 10-311] analyzing module Delay_4ns__29
INFO: [VRFC 10-311] analyzing module Delay_4ns__3
INFO: [VRFC 10-311] analyzing module Delay_4ns__30
INFO: [VRFC 10-311] analyzing module Delay_4ns__31
INFO: [VRFC 10-311] analyzing module Delay_4ns__32
INFO: [VRFC 10-311] analyzing module Delay_4ns__33
INFO: [VRFC 10-311] analyzing module Delay_4ns__34
INFO: [VRFC 10-311] analyzing module Delay_4ns__35
INFO: [VRFC 10-311] analyzing module Delay_4ns__36
INFO: [VRFC 10-311] analyzing module Delay_4ns__37
INFO: [VRFC 10-311] analyzing module Delay_4ns__38
INFO: [VRFC 10-311] analyzing module Delay_4ns__4
INFO: [VRFC 10-311] analyzing module Delay_4ns__5
INFO: [VRFC 10-311] analyzing module Delay_4ns__6
INFO: [VRFC 10-311] analyzing module Delay_4ns__7
INFO: [VRFC 10-311] analyzing module Delay_4ns__8
INFO: [VRFC 10-311] analyzing module Delay_4ns__9
INFO: [VRFC 10-311] analyzing module ENTRY_FD
INFO: [VRFC 10-311] analyzing module ENTRY_FD__1
INFO: [VRFC 10-311] analyzing module ENTRY_FD__10
INFO: [VRFC 10-311] analyzing module ENTRY_FD__11
INFO: [VRFC 10-311] analyzing module ENTRY_FD__12
INFO: [VRFC 10-311] analyzing module ENTRY_FD__13
INFO: [VRFC 10-311] analyzing module ENTRY_FD__14
INFO: [VRFC 10-311] analyzing module ENTRY_FD__15
INFO: [VRFC 10-311] analyzing module ENTRY_FD__16
INFO: [VRFC 10-311] analyzing module ENTRY_FD__17
INFO: [VRFC 10-311] analyzing module ENTRY_FD__18
INFO: [VRFC 10-311] analyzing module ENTRY_FD__19
INFO: [VRFC 10-311] analyzing module ENTRY_FD__2
INFO: [VRFC 10-311] analyzing module ENTRY_FD__3
INFO: [VRFC 10-311] analyzing module ENTRY_FD__4
INFO: [VRFC 10-311] analyzing module ENTRY_FD__5
INFO: [VRFC 10-311] analyzing module ENTRY_FD__6
INFO: [VRFC 10-311] analyzing module ENTRY_FD__7
INFO: [VRFC 10-311] analyzing module ENTRY_FD__8
INFO: [VRFC 10-311] analyzing module ENTRY_FD__9
INFO: [VRFC 10-311] analyzing module FP_Stage
INFO: [VRFC 10-311] analyzing module JOIN_DDP
INFO: [VRFC 10-311] analyzing module MA_Stage
INFO: [VRFC 10-311] analyzing module MMCAM_Stage
INFO: [VRFC 10-311] analyzing module MMRAM_Stage
INFO: [VRFC 10-311] analyzing module M_Stage
INFO: [VRFC 10-311] analyzing module OR_AM_MA
INFO: [VRFC 10-311] analyzing module PS_Stage
INFO: [VRFC 10-311] analyzing module glbl
INFO: [VRFC 10-2263] Analyzing Verilog file "C:/Users/OkuhiraShunri/Documents/verilog/DDP/vivado/sim/HDL/JOIN_DDP_SIM.v" into library xil_defaultlib
INFO: [VRFC 10-311] analyzing module JOIN_DDP_SIM
