INFO: [VRFC 10-2263] Analyzing Verilog file "C:/Users/OkuhiraShunri/Documents/verilog/DDP/vivado/sim/DDP.sim/sim_1/impl/timing/xsim/JOIN_DDP_SIM_time_impl.v" into library xil_defaultlib
INFO: [VRFC 10-311] analyzing module FDCP_UNIQ_BASE_
INFO: [VRFC 10-311] analyzing module FDCPE_UNIQ_BASE_
INFO: [VRFC 10-311] analyzing module FDCPE_HD1522
INFO: [VRFC 10-311] analyzing module FDCPE_HD1523
INFO: [VRFC 10-311] analyzing module FDCPE_HD1524
INFO: [VRFC 10-311] analyzing module FDCPE_HD1525
INFO: [VRFC 10-311] analyzing module FDCPE_HD1526
INFO: [VRFC 10-311] analyzing module FDCPE_HD1527
INFO: [VRFC 10-311] analyzing module FDCPE_HD1528
INFO: [VRFC 10-311] analyzing module FDCPE_HD1529
INFO: [VRFC 10-311] analyzing module FDCPE_HD1530
INFO: [VRFC 10-311] analyzing module FDCPE_HD1531
INFO: [VRFC 10-311] analyzing module FDCPE_HD1532
INFO: [VRFC 10-311] analyzing module FDCPE_HD1533
INFO: [VRFC 10-311] analyzing module FDCPE_HD1534
INFO: [VRFC 10-311] analyzing module FDCPE_HD1535
INFO: [VRFC 10-311] analyzing module FDCPE_HD1536
INFO: [VRFC 10-311] analyzing module FDCPE_HD1537
INFO: [VRFC 10-311] analyzing module FDCPE_HD1538
INFO: [VRFC 10-311] analyzing module FDCPE_HD1539
INFO: [VRFC 10-311] analyzing module FDCPE_HD1540
INFO: [VRFC 10-311] analyzing module FDCPE_HD1541
INFO: [VRFC 10-311] analyzing module FDCPE_HD1542
INFO: [VRFC 10-311] analyzing module FDCPE_HD1543
INFO: [VRFC 10-311] analyzing module FDCPE_HD1544
INFO: [VRFC 10-311] analyzing module FDCPE_HD1545
INFO: [VRFC 10-311] analyzing module FDCPE_HD1546
INFO: [VRFC 10-311] analyzing module FDCPE_HD1547
INFO: [VRFC 10-311] analyzing module FDCPE_HD1548
INFO: [VRFC 10-311] analyzing module FDCPE_HD1549
INFO: [VRFC 10-311] analyzing module FDCPE_HD1550
INFO: [VRFC 10-311] analyzing module FDCPE_HD1551
INFO: [VRFC 10-311] analyzing module FDCPE_HD1552
INFO: [VRFC 10-311] analyzing module FDCPE_HD1553
INFO: [VRFC 10-311] analyzing module FDCPE_HD1554
INFO: [VRFC 10-311] analyzing module FDCPE_HD1555
INFO: [VRFC 10-311] analyzing module FDCPE_HD1556
INFO: [VRFC 10-311] analyzing module FDCPE_HD1557
INFO: [VRFC 10-311] analyzing module FDCPE_HD1558
INFO: [VRFC 10-311] analyzing module FDCPE_HD1559
INFO: [VRFC 10-311] analyzing module FDCPE_HD1560
INFO: [VRFC 10-311] analyzing module FDCPE_HD1561
INFO: [VRFC 10-311] analyzing module FDCPE_HD1562
INFO: [VRFC 10-311] analyzing module FDCPE_HD1563
INFO: [VRFC 10-311] analyzing module FDCPE_HD1564
INFO: [VRFC 10-311] analyzing module FDCPE_HD1565
INFO: [VRFC 10-311] analyzing module FDCPE_HD1566
INFO: [VRFC 10-311] analyzing module FDCPE_HD1567
INFO: [VRFC 10-311] analyzing module FDCPE_HD1568
INFO: [VRFC 10-311] analyzing module FDCPE_HD1569
INFO: [VRFC 10-311] analyzing module FDCPE_HD1570
INFO: [VRFC 10-311] analyzing module FDCPE_HD1571
INFO: [VRFC 10-311] analyzing module FDCPE_HD1572
INFO: [VRFC 10-311] analyzing module FDCPE_HD1573
INFO: [VRFC 10-311] analyzing module FDCPE_HD1574
INFO: [VRFC 10-311] analyzing module FDCPE_HD1575
INFO: [VRFC 10-311] analyzing module FDCPE_HD1576
INFO: [VRFC 10-311] analyzing module FDCPE_HD1577
INFO: [VRFC 10-311] analyzing module FDCPE_HD1578
INFO: [VRFC 10-311] analyzing module FDCPE_HD1579
INFO: [VRFC 10-311] analyzing module FDCPE_HD1580
INFO: [VRFC 10-311] analyzing module FDCPE_HD1581
INFO: [VRFC 10-311] analyzing module FDCPE_HD1582
INFO: [VRFC 10-311] analyzing module FDCPE_HD1583
INFO: [VRFC 10-311] analyzing module FDCPE_HD1584
INFO: [VRFC 10-311] analyzing module FDCPE_HD1585
INFO: [VRFC 10-311] analyzing module FDCPE_HD1586
INFO: [VRFC 10-311] analyzing module FDCPE_HD1587
INFO: [VRFC 10-311] analyzing module FDCPE_HD1588
INFO: [VRFC 10-311] analyzing module FDCPE_HD1589
INFO: [VRFC 10-311] analyzing module FDCPE_HD1590
INFO: [VRFC 10-311] analyzing module FDCPE_HD1591
INFO: [VRFC 10-311] analyzing module FDCPE_HD1592
INFO: [VRFC 10-311] analyzing module FDCPE_HD1593
INFO: [VRFC 10-311] analyzing module FDCPE_HD1594
INFO: [VRFC 10-311] analyzing module FDCPE_HD1595
INFO: [VRFC 10-311] analyzing module FDCPE_HD1596
INFO: [VRFC 10-311] analyzing module FDCPE_HD1597
INFO: [VRFC 10-311] analyzing module FDCPE_HD1598
INFO: [VRFC 10-311] analyzing module FDCPE_HD1599
INFO: [VRFC 10-311] analyzing module FDCPE_HD1600
INFO: [VRFC 10-311] analyzing module FDCPE_HD1601
INFO: [VRFC 10-311] analyzing module FDCPE_HD1602
INFO: [VRFC 10-311] analyzing module FDCPE_HD1603
INFO: [VRFC 10-311] analyzing module FDCPE_HD1604
INFO: [VRFC 10-311] analyzing module FDCPE_HD1605
INFO: [VRFC 10-311] analyzing module FDCPE_HD1606
INFO: [VRFC 10-311] analyzing module FDCPE_HD1607
INFO: [VRFC 10-311] analyzing module FDCPE_HD1608
INFO: [VRFC 10-311] analyzing module FDCPE_HD1609
INFO: [VRFC 10-311] analyzing module FDCPE_HD1610
INFO: [VRFC 10-311] analyzing module FDCPE_HD1611
INFO: [VRFC 10-311] analyzing module FDCPE_HD1612
INFO: [VRFC 10-311] analyzing module FDCPE_HD1613
INFO: [VRFC 10-311] analyzing module FDCPE_HD1614
INFO: [VRFC 10-311] analyzing module FDCPE_HD1615
INFO: [VRFC 10-311] analyzing module FDCPE_HD1616
INFO: [VRFC 10-311] analyzing module FDCPE_HD1617
INFO: [VRFC 10-311] analyzing module FDCPE_HD1618
INFO: [VRFC 10-311] analyzing module FDCPE_HD1619
INFO: [VRFC 10-311] analyzing module FDCPE_HD1620
INFO: [VRFC 10-311] analyzing module FDCPE_HD1621
INFO: [VRFC 10-311] analyzing module FDCPE_HD1622
INFO: [VRFC 10-311] analyzing module FDCPE_HD1623
INFO: [VRFC 10-311] analyzing module FDCPE_HD1624
INFO: [VRFC 10-311] analyzing module FDCPE_HD1625
INFO: [VRFC 10-311] analyzing module FDCPE_HD1626
INFO: [VRFC 10-311] analyzing module FDCPE_HD1627
INFO: [VRFC 10-311] analyzing module FDCPE_HD1628
INFO: [VRFC 10-311] analyzing module FDCPE_HD1629
INFO: [VRFC 10-311] analyzing module FDCPE_HD1630
INFO: [VRFC 10-311] analyzing module FDCPE_HD1631
INFO: [VRFC 10-311] analyzing module FDCPE_HD1632
INFO: [VRFC 10-311] analyzing module FDCPE_HD1633
INFO: [VRFC 10-311] analyzing module FDCPE_HD1634
INFO: [VRFC 10-311] analyzing module FDCPE_HD1635
INFO: [VRFC 10-311] analyzing module FDCPE_HD1636
INFO: [VRFC 10-311] analyzing module FDCPE_HD1637
INFO: [VRFC 10-311] analyzing module FDCPE_HD1638
INFO: [VRFC 10-311] analyzing module FDCPE_HD1639
INFO: [VRFC 10-311] analyzing module FDCPE_HD1640
INFO: [VRFC 10-311] analyzing module FDCPE_HD1641
INFO: [VRFC 10-311] analyzing module FDCPE_HD1642
INFO: [VRFC 10-311] analyzing module FDCPE_HD1643
INFO: [VRFC 10-311] analyzing module FDCPE_HD1644
INFO: [VRFC 10-311] analyzing module FDCPE_HD1645
INFO: [VRFC 10-311] analyzing module FDCPE_HD1646
INFO: [VRFC 10-311] analyzing module FDCPE_HD1647
INFO: [VRFC 10-311] analyzing module FDCPE_HD1648
INFO: [VRFC 10-311] analyzing module FDCPE_HD1649
INFO: [VRFC 10-311] analyzing module FDCPE_HD1650
INFO: [VRFC 10-311] analyzing module FDCPE_HD1651
INFO: [VRFC 10-311] analyzing module FDCPE_HD1652
INFO: [VRFC 10-311] analyzing module FDCPE_HD1653
INFO: [VRFC 10-311] analyzing module FDCPE_HD1654
INFO: [VRFC 10-311] analyzing module FDCPE_HD1655
INFO: [VRFC 10-311] analyzing module FDCPE_HD1656
INFO: [VRFC 10-311] analyzing module FDCPE_HD1657
INFO: [VRFC 10-311] analyzing module FDCPE_HD1658
INFO: [VRFC 10-311] analyzing module FDCPE_HD1659
INFO: [VRFC 10-311] analyzing module FDCPE_HD1660
INFO: [VRFC 10-311] analyzing module FDCPE_HD1661
INFO: [VRFC 10-311] analyzing module FDCPE_HD1662
INFO: [VRFC 10-311] analyzing module FDCPE_HD1663
INFO: [VRFC 10-311] analyzing module FDCPE_HD1664
INFO: [VRFC 10-311] analyzing module FDCPE_HD1665
INFO: [VRFC 10-311] analyzing module FDCPE_HD1666
INFO: [VRFC 10-311] analyzing module FDCPE_HD1667
INFO: [VRFC 10-311] analyzing module FDCPE_HD1668
INFO: [VRFC 10-311] analyzing module FDCPE_HD1669
INFO: [VRFC 10-311] analyzing module FDCPE_HD1670
INFO: [VRFC 10-311] analyzing module FDCPE_HD1671
INFO: [VRFC 10-311] analyzing module FDCPE_HD1672
INFO: [VRFC 10-311] analyzing module FDCPE_HD1673
INFO: [VRFC 10-311] analyzing module FDCPE_HD1674
INFO: [VRFC 10-311] analyzing module FDCPE_HD1675
INFO: [VRFC 10-311] analyzing module FDCPE_HD1676
INFO: [VRFC 10-311] analyzing module FDCPE_HD1677
INFO: [VRFC 10-311] analyzing module FDCPE_HD1678
INFO: [VRFC 10-311] analyzing module FDCPE_HD1679
INFO: [VRFC 10-311] analyzing module FDCPE_HD1680
INFO: [VRFC 10-311] analyzing module FDCPE_HD1681
INFO: [VRFC 10-311] analyzing module FDCPE_HD1682
INFO: [VRFC 10-311] analyzing module FDCPE_HD1683
INFO: [VRFC 10-311] analyzing module FDCPE_HD1684
INFO: [VRFC 10-311] analyzing module FDCPE_HD1685
INFO: [VRFC 10-311] analyzing module FDCPE_HD1686
INFO: [VRFC 10-311] analyzing module FDCPE_HD1687
INFO: [VRFC 10-311] analyzing module FDCPE_HD1688
INFO: [VRFC 10-311] analyzing module FDCPE_HD1689
INFO: [VRFC 10-311] analyzing module FDCPE_HD1690
INFO: [VRFC 10-311] analyzing module FDCPE_HD1691
INFO: [VRFC 10-311] analyzing module FDCPE_HD1692
INFO: [VRFC 10-311] analyzing module FDCPE_HD1693
INFO: [VRFC 10-311] analyzing module FDCPE_HD1694
INFO: [VRFC 10-311] analyzing module FDCPE_HD1695
INFO: [VRFC 10-311] analyzing module FDCPE_HD1696
INFO: [VRFC 10-311] analyzing module FDCPE_HD1697
INFO: [VRFC 10-311] analyzing module FDCPE_HD1698
INFO: [VRFC 10-311] analyzing module FDCPE_HD1699
INFO: [VRFC 10-311] analyzing module FDCPE_HD1700
INFO: [VRFC 10-311] analyzing module FDCPE_HD1701
INFO: [VRFC 10-311] analyzing module FDCPE_HD1702
INFO: [VRFC 10-311] analyzing module FDCPE_HD1703
INFO: [VRFC 10-311] analyzing module FDCPE_HD1704
INFO: [VRFC 10-311] analyzing module FDCPE_HD1705
INFO: [VRFC 10-311] analyzing module FDCPE_HD1706
INFO: [VRFC 10-311] analyzing module FDCPE_HD1707
INFO: [VRFC 10-311] analyzing module FDCPE_HD1708
INFO: [VRFC 10-311] analyzing module FDCPE_HD1709
INFO: [VRFC 10-311] analyzing module FDCPE_HD1710
INFO: [VRFC 10-311] analyzing module FDCPE_HD1711
INFO: [VRFC 10-311] analyzing module FDCPE_HD1712
INFO: [VRFC 10-311] analyzing module FDCPE_HD1713
INFO: [VRFC 10-311] analyzing module FDCPE_HD1714
INFO: [VRFC 10-311] analyzing module FDCPE_HD1715
INFO: [VRFC 10-311] analyzing module FDCPE_HD1716
INFO: [VRFC 10-311] analyzing module FDCPE_HD1717
INFO: [VRFC 10-311] analyzing module FDCPE_HD1718
INFO: [VRFC 10-311] analyzing module FDCPE_HD1719
INFO: [VRFC 10-311] analyzing module FDCPE_HD1720
INFO: [VRFC 10-311] analyzing module FDCPE_HD1721
INFO: [VRFC 10-311] analyzing module FDCPE_HD1722
INFO: [VRFC 10-311] analyzing module FDCPE_HD1723
INFO: [VRFC 10-311] analyzing module FDCPE_HD1724
INFO: [VRFC 10-311] analyzing module FDCPE_HD1725
INFO: [VRFC 10-311] analyzing module FDCPE_HD1726
INFO: [VRFC 10-311] analyzing module FDCPE_HD1727
INFO: [VRFC 10-311] analyzing module FDCPE_HD1728
INFO: [VRFC 10-311] analyzing module FDCPE_HD1729
INFO: [VRFC 10-311] analyzing module FDCPE_HD1730
INFO: [VRFC 10-311] analyzing module FDCPE_HD1731
INFO: [VRFC 10-311] analyzing module FDCPE_HD1732
INFO: [VRFC 10-311] analyzing module FDCPE_HD1733
INFO: [VRFC 10-311] analyzing module FDCPE_HD1734
INFO: [VRFC 10-311] analyzing module FDCPE_HD1735
INFO: [VRFC 10-311] analyzing module FDCPE_HD1736
INFO: [VRFC 10-311] analyzing module FDCPE_HD1737
INFO: [VRFC 10-311] analyzing module FDCPE_HD1738
INFO: [VRFC 10-311] analyzing module FDCPE_HD1739
INFO: [VRFC 10-311] analyzing module FDCPE_HD1740
INFO: [VRFC 10-311] analyzing module FDCPE_HD1741
INFO: [VRFC 10-311] analyzing module FDCPE_HD1742
INFO: [VRFC 10-311] analyzing module FDCPE_HD1743
INFO: [VRFC 10-311] analyzing module FDCPE_HD1744
INFO: [VRFC 10-311] analyzing module FDCPE_HD1745
INFO: [VRFC 10-311] analyzing module FDCPE_HD1746
INFO: [VRFC 10-311] analyzing module FDCPE_HD1747
INFO: [VRFC 10-311] analyzing module FDCPE_HD1748
INFO: [VRFC 10-311] analyzing module FDCPE_HD1749
INFO: [VRFC 10-311] analyzing module FDCPE_HD1750
INFO: [VRFC 10-311] analyzing module FDCPE_HD1751
INFO: [VRFC 10-311] analyzing module FDCPE_HD1752
INFO: [VRFC 10-311] analyzing module FDCPE_HD1753
INFO: [VRFC 10-311] analyzing module FDCPE_HD1754
INFO: [VRFC 10-311] analyzing module FDCPE_HD1755
INFO: [VRFC 10-311] analyzing module FDCPE_HD1756
INFO: [VRFC 10-311] analyzing module FDCPE_HD1757
INFO: [VRFC 10-311] analyzing module FDCPE_HD1758
INFO: [VRFC 10-311] analyzing module FDCPE_HD1759
INFO: [VRFC 10-311] analyzing module FDCPE_HD1760
INFO: [VRFC 10-311] analyzing module FDCPE_HD1761
INFO: [VRFC 10-311] analyzing module FDCPE_HD1762
INFO: [VRFC 10-311] analyzing module FDCPE_HD1763
INFO: [VRFC 10-311] analyzing module FDCPE_HD1764
INFO: [VRFC 10-311] analyzing module FDCPE_HD1765
INFO: [VRFC 10-311] analyzing module FDCPE_HD1766
INFO: [VRFC 10-311] analyzing module FDCPE_HD1767
INFO: [VRFC 10-311] analyzing module FDCPE_HD1768
INFO: [VRFC 10-311] analyzing module FDCPE_HD1769
INFO: [VRFC 10-311] analyzing module FDCPE_HD1770
INFO: [VRFC 10-311] analyzing module FDCPE_HD1771
INFO: [VRFC 10-311] analyzing module FDCPE_HD1772
INFO: [VRFC 10-311] analyzing module FDCPE_HD1773
INFO: [VRFC 10-311] analyzing module FDCPE_HD1774
INFO: [VRFC 10-311] analyzing module FDCPE_HD1775
INFO: [VRFC 10-311] analyzing module FDCPE_HD1776
INFO: [VRFC 10-311] analyzing module FDCPE_HD1777
INFO: [VRFC 10-311] analyzing module FDCPE_HD1778
INFO: [VRFC 10-311] analyzing module FDCPE_HD1779
INFO: [VRFC 10-311] analyzing module FDCPE_HD1780
INFO: [VRFC 10-311] analyzing module FDCPE_HD1781
INFO: [VRFC 10-311] analyzing module FDCPE_HD1782
INFO: [VRFC 10-311] analyzing module FDCPE_HD1783
INFO: [VRFC 10-311] analyzing module FDCPE_HD1784
INFO: [VRFC 10-311] analyzing module FDCPE_HD1785
INFO: [VRFC 10-311] analyzing module FDCPE_HD1786
INFO: [VRFC 10-311] analyzing module FDCPE_HD1787
INFO: [VRFC 10-311] analyzing module FDCPE_HD1788
INFO: [VRFC 10-311] analyzing module FDCPE_HD1789
INFO: [VRFC 10-311] analyzing module FDCPE_HD1790
INFO: [VRFC 10-311] analyzing module FDCPE_HD1791
INFO: [VRFC 10-311] analyzing module FDCPE_HD1792
INFO: [VRFC 10-311] analyzing module FDCPE_HD1793
INFO: [VRFC 10-311] analyzing module FDCPE_HD1794
INFO: [VRFC 10-311] analyzing module FDCPE_HD1795
INFO: [VRFC 10-311] analyzing module FDCPE_HD1796
INFO: [VRFC 10-311] analyzing module FDCPE_HD1797
INFO: [VRFC 10-311] analyzing module FDCPE_HD1798
INFO: [VRFC 10-311] analyzing module FDCPE_HD1799
INFO: [VRFC 10-311] analyzing module FDCPE_HD1800
INFO: [VRFC 10-311] analyzing module FDCPE_HD1801
INFO: [VRFC 10-311] analyzing module FDCPE_HD1802
INFO: [VRFC 10-311] analyzing module FDCPE_HD1803
INFO: [VRFC 10-311] analyzing module FDCPE_HD1804
INFO: [VRFC 10-311] analyzing module FDCPE_HD1805
INFO: [VRFC 10-311] analyzing module FDCPE_HD1806
INFO: [VRFC 10-311] analyzing module FDCPE_HD1807
INFO: [VRFC 10-311] analyzing module FDCPE_HD1808
INFO: [VRFC 10-311] analyzing module FDCPE_HD1809
INFO: [VRFC 10-311] analyzing module FDCPE_HD1810
INFO: [VRFC 10-311] analyzing module FDCPE_HD1811
INFO: [VRFC 10-311] analyzing module FDCPE_HD1812
INFO: [VRFC 10-311] analyzing module FDCPE_HD1813
INFO: [VRFC 10-311] analyzing module FDCPE_HD1814
INFO: [VRFC 10-311] analyzing module FDCPE_HD1815
INFO: [VRFC 10-311] analyzing module FDCPE_HD1816
INFO: [VRFC 10-311] analyzing module FDCPE_HD1817
INFO: [VRFC 10-311] analyzing module FDCPE_HD1818
INFO: [VRFC 10-311] analyzing module FDCPE_HD1819
INFO: [VRFC 10-311] analyzing module FDCPE_HD1820
INFO: [VRFC 10-311] analyzing module FDCPE_HD1821
INFO: [VRFC 10-311] analyzing module FDCPE_HD1822
INFO: [VRFC 10-311] analyzing module FDCPE_HD1823
INFO: [VRFC 10-311] analyzing module FDCPE_HD1824
INFO: [VRFC 10-311] analyzing module FDCPE_HD1825
INFO: [VRFC 10-311] analyzing module FDCPE_HD1826
INFO: [VRFC 10-311] analyzing module FDCPE_HD1827
INFO: [VRFC 10-311] analyzing module FDCPE_HD1828
INFO: [VRFC 10-311] analyzing module FDCPE_HD1829
INFO: [VRFC 10-311] analyzing module FDCPE_HD1830
INFO: [VRFC 10-311] analyzing module FDCPE_HD1831
INFO: [VRFC 10-311] analyzing module FDCPE_HD1832
INFO: [VRFC 10-311] analyzing module FDCPE_HD1833
INFO: [VRFC 10-311] analyzing module FDCPE_HD1834
INFO: [VRFC 10-311] analyzing module FDCPE_HD1835
INFO: [VRFC 10-311] analyzing module FDCPE_HD1836
INFO: [VRFC 10-311] analyzing module FDCPE_HD1837
INFO: [VRFC 10-311] analyzing module FDCPE_HD1838
INFO: [VRFC 10-311] analyzing module FDCPE_HD1839
INFO: [VRFC 10-311] analyzing module FDCPE_HD1840
INFO: [VRFC 10-311] analyzing module FDCPE_HD1841
INFO: [VRFC 10-311] analyzing module FDCPE_HD1842
INFO: [VRFC 10-311] analyzing module FDCPE_HD1843
INFO: [VRFC 10-311] analyzing module FDCPE_HD1844
INFO: [VRFC 10-311] analyzing module FDCPE_HD1845
INFO: [VRFC 10-311] analyzing module FDCPE_HD1846
INFO: [VRFC 10-311] analyzing module FDCPE_HD1847
INFO: [VRFC 10-311] analyzing module FDCPE_HD1848
INFO: [VRFC 10-311] analyzing module FDCPE_HD1849
INFO: [VRFC 10-311] analyzing module FDCPE_HD1850
INFO: [VRFC 10-311] analyzing module FDCPE_HD1851
INFO: [VRFC 10-311] analyzing module FDCPE_HD1852
INFO: [VRFC 10-311] analyzing module FDCPE_HD1853
INFO: [VRFC 10-311] analyzing module FDCPE_HD1854
INFO: [VRFC 10-311] analyzing module FDCPE_HD1855
INFO: [VRFC 10-311] analyzing module FDCPE_HD1856
INFO: [VRFC 10-311] analyzing module FDCPE_HD1857
INFO: [VRFC 10-311] analyzing module FDCPE_HD1858
INFO: [VRFC 10-311] analyzing module FDCPE_HD1859
INFO: [VRFC 10-311] analyzing module FDCPE_HD1860
INFO: [VRFC 10-311] analyzing module FDCPE_HD1861
INFO: [VRFC 10-311] analyzing module FDCPE_HD1862
INFO: [VRFC 10-311] analyzing module FDCPE_HD1863
INFO: [VRFC 10-311] analyzing module FDCPE_HD1864
INFO: [VRFC 10-311] analyzing module FDCPE_HD1865
INFO: [VRFC 10-311] analyzing module FDCPE_HD1866
INFO: [VRFC 10-311] analyzing module FDCPE_HD1867
INFO: [VRFC 10-311] analyzing module FDCPE_HD1868
INFO: [VRFC 10-311] analyzing module FDCPE_HD1869
INFO: [VRFC 10-311] analyzing module FDCPE_HD1870
INFO: [VRFC 10-311] analyzing module FDCPE_HD1871
INFO: [VRFC 10-311] analyzing module FDCPE_HD1872
INFO: [VRFC 10-311] analyzing module FDCPE_HD1873
INFO: [VRFC 10-311] analyzing module FDCPE_HD1874
INFO: [VRFC 10-311] analyzing module FDCPE_HD1875
INFO: [VRFC 10-311] analyzing module FDCPE_HD1876
INFO: [VRFC 10-311] analyzing module FDCPE_HD1877
INFO: [VRFC 10-311] analyzing module FDCPE_HD1878
INFO: [VRFC 10-311] analyzing module FDCPE_HD1879
INFO: [VRFC 10-311] analyzing module FDCPE_HD1880
INFO: [VRFC 10-311] analyzing module FDCPE_HD1881
INFO: [VRFC 10-311] analyzing module FDCPE_HD1882
INFO: [VRFC 10-311] analyzing module FDCPE_HD1883
INFO: [VRFC 10-311] analyzing module FDCPE_HD1884
INFO: [VRFC 10-311] analyzing module FDCPE_HD1885
INFO: [VRFC 10-311] analyzing module FDCPE_HD1886
INFO: [VRFC 10-311] analyzing module FDCPE_HD1887
INFO: [VRFC 10-311] analyzing module FDCPE_HD1888
INFO: [VRFC 10-311] analyzing module FDCPE_HD1889
INFO: [VRFC 10-311] analyzing module FDCPE_HD1890
INFO: [VRFC 10-311] analyzing module FDCPE_HD1891
INFO: [VRFC 10-311] analyzing module FDCPE_HD1892
INFO: [VRFC 10-311] analyzing module FDCPE_HD1893
INFO: [VRFC 10-311] analyzing module FDCPE_HD1894
INFO: [VRFC 10-311] analyzing module FDCPE_HD1895
INFO: [VRFC 10-311] analyzing module FDCPE_HD1896
INFO: [VRFC 10-311] analyzing module FDCPE_HD1897
INFO: [VRFC 10-311] analyzing module FDCPE_HD1898
INFO: [VRFC 10-311] analyzing module FDCPE_HD1899
INFO: [VRFC 10-311] analyzing module FDCPE_HD1900
INFO: [VRFC 10-311] analyzing module FDCP_HD1521
INFO: [VRFC 10-311] analyzing module ARB
INFO: [VRFC 10-311] analyzing module B_Stage
INFO: [VRFC 10-311] analyzing module C
INFO: [VRFC 10-311] analyzing module CB
INFO: [VRFC 10-311] analyzing module CE
INFO: [VRFC 10-311] analyzing module CE__1
INFO: [VRFC 10-311] analyzing module CF
INFO: [VRFC 10-311] analyzing module CF__1
INFO: [VRFC 10-311] analyzing module CF__2
INFO: [VRFC 10-311] analyzing module CF__3
INFO: [VRFC 10-311] analyzing module CF__4
INFO: [VRFC 10-311] analyzing module CJ
INFO: [VRFC 10-311] analyzing module CJ__1
INFO: [VRFC 10-311] analyzing module CM
INFO: [VRFC 10-311] analyzing module COPY_Stage
INFO: [VRFC 10-311] analyzing module CX2
INFO: [VRFC 10-311] analyzing module C__1
INFO: [VRFC 10-311] analyzing module C__2
INFO: [VRFC 10-311] analyzing module C__3
INFO: [VRFC 10-311] analyzing module Delay_2ns
INFO: [VRFC 10-311] analyzing module Delay_2ns__1
INFO: [VRFC 10-311] analyzing module Delay_2ns__2
INFO: [VRFC 10-311] analyzing module Delay_2ns__3
INFO: [VRFC 10-311] analyzing module Delay_2ns__4
INFO: [VRFC 10-311] analyzing module Delay_2ns__5
INFO: [VRFC 10-311] analyzing module Delay_2ns__6
INFO: [VRFC 10-311] analyzing module Delay_2ns__7
INFO: [VRFC 10-311] analyzing module Delay_2ns__8
INFO: [VRFC 10-311] analyzing module Delay_2ns__9
INFO: [VRFC 10-311] analyzing module Delay_4ns
INFO: [VRFC 10-311] analyzing module Delay_4ns__1
INFO: [VRFC 10-311] analyzing module Delay_4ns__10
INFO: [VRFC 10-311] analyzing module Delay_4ns__11
INFO: [VRFC 10-311] analyzing module Delay_4ns__12
INFO: [VRFC 10-311] analyzing module Delay_4ns__13
INFO: [VRFC 10-311] analyzing module Delay_4ns__14
INFO: [VRFC 10-311] analyzing module Delay_4ns__15
INFO: [VRFC 10-311] analyzing module Delay_4ns__16
INFO: [VRFC 10-311] analyzing module Delay_4ns__17
INFO: [VRFC 10-311] analyzing module Delay_4ns__18
INFO: [VRFC 10-311] analyzing module Delay_4ns__19
INFO: [VRFC 10-311] analyzing module Delay_4ns__2
INFO: [VRFC 10-311] analyzing module Delay_4ns__20
INFO: [VRFC 10-311] analyzing module Delay_4ns__21
INFO: [VRFC 10-311] analyzing module Delay_4ns__22
INFO: [VRFC 10-311] analyzing module Delay_4ns__23
INFO: [VRFC 10-311] analyzing module Delay_4ns__24
INFO: [VRFC 10-311] analyzing module Delay_4ns__25
INFO: [VRFC 10-311] analyzing module Delay_4ns__26
INFO: [VRFC 10-311] analyzing module Delay_4ns__27
INFO: [VRFC 10-311] analyzing module Delay_4ns__28
INFO: [VRFC 10-311] analyzing module Delay_4ns__29
INFO: [VRFC 10-311] analyzing module Delay_4ns__3
INFO: [VRFC 10-311] analyzing module Delay_4ns__30
INFO: [VRFC 10-311] analyzing module Delay_4ns__31
INFO: [VRFC 10-311] analyzing module Delay_4ns__32
INFO: [VRFC 10-311] analyzing module Delay_4ns__33
INFO: [VRFC 10-311] analyzing module Delay_4ns__4
INFO: [VRFC 10-311] analyzing module Delay_4ns__5
INFO: [VRFC 10-311] analyzing module Delay_4ns__6
INFO: [VRFC 10-311] analyzing module Delay_4ns__7
INFO: [VRFC 10-311] analyzing module Delay_4ns__8
INFO: [VRFC 10-311] analyzing module Delay_4ns__9
INFO: [VRFC 10-311] analyzing module ENTRY_FD
INFO: [VRFC 10-311] analyzing module ENTRY_FD__1
INFO: [VRFC 10-311] analyzing module ENTRY_FD__10
INFO: [VRFC 10-311] analyzing module ENTRY_FD__11
INFO: [VRFC 10-311] analyzing module ENTRY_FD__12
INFO: [VRFC 10-311] analyzing module ENTRY_FD__13
INFO: [VRFC 10-311] analyzing module ENTRY_FD__14
INFO: [VRFC 10-311] analyzing module ENTRY_FD__15
INFO: [VRFC 10-311] analyzing module ENTRY_FD__16
INFO: [VRFC 10-311] analyzing module ENTRY_FD__17
INFO: [VRFC 10-311] analyzing module ENTRY_FD__18
INFO: [VRFC 10-311] analyzing module ENTRY_FD__19
INFO: [VRFC 10-311] analyzing module ENTRY_FD__2
INFO: [VRFC 10-311] analyzing module ENTRY_FD__3
INFO: [VRFC 10-311] analyzing module ENTRY_FD__4
INFO: [VRFC 10-311] analyzing module ENTRY_FD__5
INFO: [VRFC 10-311] analyzing module ENTRY_FD__6
INFO: [VRFC 10-311] analyzing module ENTRY_FD__7
INFO: [VRFC 10-311] analyzing module ENTRY_FD__8
INFO: [VRFC 10-311] analyzing module ENTRY_FD__9
INFO: [VRFC 10-311] analyzing module FP_Stage
INFO: [VRFC 10-311] analyzing module JOIN_DDP
INFO: [VRFC 10-311] analyzing module MA_Stage
INFO: [VRFC 10-311] analyzing module MMCAM_Stage
INFO: [VRFC 10-311] analyzing module MMRAM_Stage
INFO: [VRFC 10-311] analyzing module M_Stage
INFO: [VRFC 10-311] analyzing module OR_AM_MA
INFO: [VRFC 10-311] analyzing module PS_Stage
INFO: [VRFC 10-311] analyzing module glbl
INFO: [VRFC 10-2263] Analyzing Verilog file "C:/Users/OkuhiraShunri/Documents/verilog/DDP/vivado/sim/HDL/JOIN_DDP_SIM.v" into library xil_defaultlib
INFO: [VRFC 10-311] analyzing module JOIN_DDP_SIM
