Copyright 1986-2022 Xilinx, Inc. All Rights Reserved. Copyright 2022-2024 Advanced Micro Devices, Inc. All Rights Reserved.
-------------------------------------------------------------------------------------------------------------------------------------------------
| Tool Version     : Vivado v.2024.1 (win64) Build 5076996 Wed May 22 18:37:14 MDT 2024
| Date             : Wed Oct 16 14:48:57 2024
| Host             : DESKTOP-B2190GF running 64-bit major release  (build 9200)
| Command          : report_power -file JOIN_DDP_power_routed.rpt -pb JOIN_DDP_power_summary_routed.pb -rpx JOIN_DDP_power_routed.rpx
| Design           : JOIN_DDP
| Device           : xc7z010clg400-1
| Design State     : routed
| Grade            : commercial
| Process          : typical
| Characterization : Production
-------------------------------------------------------------------------------------------------------------------------------------------------

Power Report

Table of Contents
-----------------
1. Summary
1.1 On-Chip Components
1.2 Power Supply Summary
1.3 Confidence Level
2. Settings
2.1 Environment
2.2 Clock Constraints
3. Detailed Reports
3.1 By Hierarchy

1. Summary
----------

+--------------------------+----------------------------------+
| Total On-Chip Power (W)  | 70.119 (Junction temp exceeded!) |
| Design Power Budget (W)  | Unspecified*                     |
| Power Budget Margin (W)  | NA                               |
| Dynamic (W)              | 69.366                           |
| Device Static (W)        | 0.753                            |
| Effective TJA (C/W)      | 11.5                             |
| Max Ambient (C)          | 0.0                              |
| Junction Temperature (C) | 125.0                            |
| Confidence Level         | Low                              |
| Setting File             | ---                              |
| Simulation Activity File | ---                              |
| Design Nets Matched      | NA                               |
+--------------------------+----------------------------------+
* Specify Design Power Budget using, set_operating_conditions -design_power_budget <value in Watts>


1.1 On-Chip Components
----------------------

+----------------+-----------+----------+-----------+-----------------+
| On-Chip        | Power (W) | Used     | Available | Utilization (%) |
+----------------+-----------+----------+-----------+-----------------+
| Slice Logic    |    12.319 |     6707 |       --- |             --- |
|   LUT as Logic |    11.610 |     3215 |     17600 |           18.27 |
|   Register     |     0.543 |     2742 |     35200 |            7.79 |
|   CARRY4       |     0.125 |       58 |      4400 |            1.32 |
|   F7/F8 Muxes  |     0.041 |       18 |     17600 |            0.10 |
|   Others       |     0.000 |      486 |       --- |             --- |
| Signals        |    20.863 |     5184 |       --- |             --- |
| Block RAM      |     1.363 |      2.5 |        60 |            4.17 |
| DSPs           |     1.053 |        1 |        80 |            1.25 |
| I/O            |    33.768 |       81 |       100 |           81.00 |
| Static Power   |     0.753 |          |           |                 |
| Total          |    70.119 |          |           |                 |
+----------------+-----------+----------+-----------+-----------------+


1.2 Power Supply Summary
------------------------

+-----------+-------------+-----------+-------------+------------+-------------+-------------+------------+
| Source    | Voltage (V) | Total (A) | Dynamic (A) | Static (A) | Powerup (A) | Budget (A)  | Margin (A) |
+-----------+-------------+-----------+-------------+------------+-------------+-------------+------------+
| Vccint    |       1.000 |    35.791 |      35.659 |      0.132 |       NA    | Unspecified | NA         |
| Vccaux    |       1.800 |     2.792 |       2.751 |      0.040 |       NA    | Unspecified | NA         |
| Vcco33    |       3.300 |     0.000 |       0.000 |      0.000 |       NA    | Unspecified | NA         |
| Vcco25    |       2.500 |     0.000 |       0.000 |      0.000 |       NA    | Unspecified | NA         |
| Vcco18    |       1.800 |    15.921 |      15.920 |      0.001 |       NA    | Unspecified | NA         |
| Vcco15    |       1.500 |     0.000 |       0.000 |      0.000 |       NA    | Unspecified | NA         |
| Vcco135   |       1.350 |     0.000 |       0.000 |      0.000 |       NA    | Unspecified | NA         |
| Vcco12    |       1.200 |     0.000 |       0.000 |      0.000 |       NA    | Unspecified | NA         |
| Vccaux_io |       1.800 |     0.000 |       0.000 |      0.000 |       NA    | Unspecified | NA         |
| Vccbram   |       1.000 |     0.113 |       0.099 |      0.014 |       NA    | Unspecified | NA         |
| MGTAVcc   |       1.000 |     0.000 |       0.000 |      0.000 |       NA    | Unspecified | NA         |
| MGTAVtt   |       1.200 |     0.000 |       0.000 |      0.000 |       NA    | Unspecified | NA         |
| MGTVccaux |       1.800 |     0.000 |       0.000 |      0.000 |       NA    | Unspecified | NA         |
| Vccpint   |       1.000 |     0.473 |       0.000 |      0.473 |       NA    | Unspecified | NA         |
| Vccpaux   |       1.800 |     0.010 |       0.000 |      0.010 |       NA    | Unspecified | NA         |
| Vccpll    |       1.800 |     0.003 |       0.000 |      0.003 |       NA    | Unspecified | NA         |
| Vcco_ddr  |       1.500 |     0.000 |       0.000 |      0.000 |       NA    | Unspecified | NA         |
| Vcco_mio0 |       1.800 |     0.000 |       0.000 |      0.000 |       NA    | Unspecified | NA         |
| Vcco_mio1 |       1.800 |     0.000 |       0.000 |      0.000 |       NA    | Unspecified | NA         |
| Vccadc    |       1.800 |     0.020 |       0.000 |      0.020 |       NA    | Unspecified | NA         |
+-----------+-------------+-----------+-------------+------------+-------------+-------------+------------+


1.3 Confidence Level
--------------------

+-----------------------------+------------+--------------------------------------------------------+--------------------------------------------------------------------------------------------------------------------+
| User Input Data             | Confidence | Details                                                | Action                                                                                                             |
+-----------------------------+------------+--------------------------------------------------------+--------------------------------------------------------------------------------------------------------------------+
| Design implementation state | High       | Design is routed                                       |                                                                                                                    |
| Clock nodes activity        | Low        | User specified less than 75% of clocks                 | Provide missing clock activity with a constraint file, simulation results or by editing the "By Clock Domain" view |
| I/O nodes activity          | Low        | More than 75% of inputs are missing user specification | Provide missing input activity with simulation results or by editing the "By Resource Type -> I/Os" view           |
| Internal nodes activity     | Medium     | User specified less than 25% of internal nodes         | Provide missing internal nodes activity with simulation results or by editing the "By Resource Type" views         |
| Device models               | High       | Device models are Production                           |                                                                                                                    |
|                             |            |                                                        |                                                                                                                    |
| Overall confidence level    | Low        |                                                        |                                                                                                                    |
+-----------------------------+------------+--------------------------------------------------------+--------------------------------------------------------------------------------------------------------------------+


2. Settings
-----------

2.1 Environment
---------------

+-----------------------+------------------------+
| Ambient Temp (C)      | 25.0                   |
| ThetaJA (C/W)         | 11.5                   |
| Airflow (LFM)         | 250                    |
| Heat Sink             | none                   |
| ThetaSA (C/W)         | 0.0                    |
| Board Selection       | medium (10"x10")       |
| # of Board Layers     | 8to11 (8 to 11 Layers) |
| Board Temperature (C) | 25.0                   |
+-----------------------+------------------------+


2.2 Clock Constraints
---------------------

+-------+--------+-----------------+
| Clock | Domain | Constraint (ns) |
+-------+--------+-----------------+


3. Detailed Reports
-------------------

3.1 By Hierarchy
----------------

+--------------------------+-----------+
| Name                     | Power (W) |
+--------------------------+-----------+
| JOIN_DDP                 |    69.366 |
|   B                      |     0.813 |
|     cb                   |     0.200 |
|       cf                 |     0.180 |
|     subps                |     0.091 |
|       U0                 |     0.091 |
|   COPY                   |     1.129 |
|     cx2                  |     0.415 |
|       DL1S_reg           |     0.004 |
|       cf1                |     0.206 |
|       cf2                |     0.132 |
|   FP                     |    12.057 |
|     ce                   |     0.303 |
|       cf                 |     0.284 |
|   M                      |     7.797 |
|     cm                   |     0.442 |
|       arb                |     0.036 |
|       cj_a               |     0.140 |
|       cj_b               |     0.201 |
|   MA                     |     1.794 |
|     c                    |     0.286 |
|       delay1             |     0.056 |
|       delay2             |     0.063 |
|       delay3             |     0.032 |
|       delay4             |     0.033 |
|     dmem                 |     0.345 |
|       U0                 |     0.345 |
|   MMCAM                  |     6.349 |
|     c                    |     2.192 |
|       delay1             |     0.054 |
|       delay2             |     0.077 |
|       delay3             |     0.027 |
|       delay4             |     0.029 |
|     entry_fd_loop[0].ef  |     0.077 |
|     entry_fd_loop[10].ef |     0.195 |
|     entry_fd_loop[11].ef |     0.092 |
|     entry_fd_loop[12].ef |     0.200 |
|     entry_fd_loop[13].ef |     0.184 |
|     entry_fd_loop[14].ef |     0.188 |
|     entry_fd_loop[15].ef |     0.185 |
|     entry_fd_loop[16].ef |     0.190 |
|     entry_fd_loop[17].ef |     0.191 |
|     entry_fd_loop[18].ef |     0.183 |
|     entry_fd_loop[19].ef |     0.181 |
|     entry_fd_loop[1].ef  |     0.093 |
|     entry_fd_loop[2].ef  |     0.183 |
|     entry_fd_loop[3].ef  |     0.177 |
|     entry_fd_loop[4].ef  |     0.171 |
|     entry_fd_loop[5].ef  |     0.186 |
|     entry_fd_loop[6].ef  |     0.170 |
|     entry_fd_loop[7].ef  |     0.195 |
|     entry_fd_loop[8].ef  |     0.201 |
|     entry_fd_loop[9].ef  |     0.188 |
|     oam                  |     0.391 |
|   MMRAM                  |     3.376 |
|     ce                   |     0.280 |
|       cf                 |     0.255 |
|     cmem                 |     0.431 |
|       U0                 |     0.431 |
|     mmram                |     0.677 |
|       U0                 |     0.677 |
|   PS                     |     1.157 |
|     c                    |     0.331 |
|       delay1             |     0.070 |
|       delay2             |     0.065 |
|       delay3             |     0.044 |
|       delay4             |     0.031 |
|     ps                   |     0.467 |
|       U0                 |     0.467 |
|   c                      |     0.179 |
|     delay1               |     0.045 |
|     delay2               |     0.043 |
|     delay3               |     0.020 |
|     delay4               |     0.026 |
+--------------------------+-----------+


