INFO: [VRFC 10-2263] Analyzing Verilog file "C:/Users/OkuhiraShunri/Documents/verilog/DDP/vivado/PeripheralCircuit_sim/whole/HDL/ARB.v" into library xil_defaultlib
INFO: [VRFC 10-311] analyzing module ARB
INFO: [VRFC 10-2263] Analyzing Verilog file "C:/Users/OkuhiraShunri/Documents/verilog/DDP/vivado/PeripheralCircuit_sim/whole/HDL/B_Stage.v" into library xil_defaultlib
WARNING: [VRFC 10-9157] macro 'M_PACKET_SIZE' is redefined [../../../../HDL/common_macro.vh:61]
WARNING: [VRFC 10-9157] macro 'MMCAM_PACKET_SIZE' is redefined [../../../../HDL/common_macro.vh:66]
WARNING: [VRFC 10-9157] macro 'MA_PACKET_SIZE' is redefined [../../../../HDL/common_macro.vh:147]
INFO: [VRFC 10-311] analyzing module B_Stage
INFO: [VRFC 10-2263] Analyzing Verilog file "C:/Users/OkuhiraShunri/Documents/verilog/DDP/vivado/PeripheralCircuit_sim/whole/HDL/C.v" into library xil_defaultlib
INFO: [VRFC 10-311] analyzing module C
INFO: [VRFC 10-2263] Analyzing Verilog file "C:/Users/OkuhiraShunri/Documents/verilog/DDP/vivado/PeripheralCircuit_sim/whole/HDL/CB.v" into library xil_defaultlib
INFO: [VRFC 10-311] analyzing module CB
INFO: [VRFC 10-2263] Analyzing Verilog file "C:/Users/OkuhiraShunri/Documents/verilog/DDP/vivado/PeripheralCircuit_sim/whole/HDL/CE.v" into library xil_defaultlib
INFO: [VRFC 10-311] analyzing module CE
INFO: [VRFC 10-2263] Analyzing Verilog file "C:/Users/OkuhiraShunri/Documents/verilog/DDP/vivado/PeripheralCircuit_sim/whole/HDL/CF.v" into library xil_defaultlib
INFO: [VRFC 10-311] analyzing module CF
INFO: [VRFC 10-2263] Analyzing Verilog file "C:/Users/OkuhiraShunri/Documents/verilog/DDP/vivado/PeripheralCircuit_sim/whole/HDL/CJ.v" into library xil_defaultlib
INFO: [VRFC 10-311] analyzing module CJ
INFO: [VRFC 10-2263] Analyzing Verilog file "C:/Users/OkuhiraShunri/Documents/verilog/DDP/vivado/PeripheralCircuit_sim/whole/HDL/CM.v" into library xil_defaultlib
INFO: [VRFC 10-311] analyzing module CM
INFO: [VRFC 10-2263] Analyzing Verilog file "C:/Users/OkuhiraShunri/Documents/verilog/DDP/vivado/PeripheralCircuit_sim/whole/HDL/COPY_Stage.v" into library xil_defaultlib
INFO: [VRFC 10-311] analyzing module COPY_Stage
INFO: [VRFC 10-2263] Analyzing Verilog file "C:/Users/OkuhiraShunri/Documents/verilog/DDP/vivado/PeripheralCircuit_sim/whole/HDL/CX2.v" into library xil_defaultlib
INFO: [VRFC 10-311] analyzing module CX2
INFO: [VRFC 10-2263] Analyzing Verilog file "C:/Users/OkuhiraShunri/Documents/verilog/DDP/vivado/PeripheralCircuit_sim/whole/HDL/DISPLAY.v" into library xil_defaultlib
INFO: [VRFC 10-311] analyzing module DISPLAY
WARNING: [VRFC 10-3380] identifier 'en50hz' is used before its declaration [C:/Users/OkuhiraShunri/Documents/verilog/DDP/vivado/PeripheralCircuit_sim/whole/HDL/DISPLAY.v:15]
INFO: [VRFC 10-2263] Analyzing Verilog file "C:/Users/OkuhiraShunri/Documents/verilog/DDP/vivado/PeripheralCircuit_sim/whole/HDL/ENTRY_FD.v" into library xil_defaultlib
INFO: [VRFC 10-311] analyzing module ENTRY_FD
INFO: [VRFC 10-2263] Analyzing Verilog file "C:/Users/OkuhiraShunri/Documents/verilog/DDP/vivado/PeripheralCircuit_sim/whole/HDL/FP_Stage.v" into library xil_defaultlib
WARNING: [VRFC 10-9157] macro 'M_PACKET_SIZE' is redefined [../../../../HDL/macro.vh:5]
WARNING: [VRFC 10-9157] macro 'MMCAM_PACKET_SIZE' is redefined [../../../../HDL/macro.vh:6]
WARNING: [VRFC 10-9157] macro 'MA_PACKET_SIZE' is redefined [../../../../HDL/macro.vh:10]
INFO: [VRFC 10-311] analyzing module FP_Stage
INFO: [VRFC 10-2263] Analyzing Verilog file "C:/Users/OkuhiraShunri/Documents/verilog/DDP/vivado/PeripheralCircuit_sim/whole/HDL/JOIN_DDP.v" into library xil_defaultlib
INFO: [VRFC 10-311] analyzing module JOIN_DDP
INFO: [VRFC 10-2263] Analyzing Verilog file "C:/Users/OkuhiraShunri/Documents/verilog/DDP/vivado/PeripheralCircuit_sim/whole/HDL/MA_Stage.v" into library xil_defaultlib
INFO: [VRFC 10-311] analyzing module MA_Stage
INFO: [VRFC 10-2263] Analyzing Verilog file "C:/Users/OkuhiraShunri/Documents/verilog/DDP/vivado/PeripheralCircuit_sim/whole/HDL/MMCAM_Stage.v" into library xil_defaultlib
INFO: [VRFC 10-311] analyzing module MMCAM_Stage
INFO: [VRFC 10-2263] Analyzing Verilog file "C:/Users/OkuhiraShunri/Documents/verilog/DDP/vivado/PeripheralCircuit_sim/whole/HDL/MMRAM_Stage.v" into library xil_defaultlib
INFO: [VRFC 10-311] analyzing module MMRAM_Stage
INFO: [VRFC 10-2263] Analyzing Verilog file "C:/Users/OkuhiraShunri/Documents/verilog/DDP/vivado/PeripheralCircuit_sim/whole/HDL/M_Stage.v" into library xil_defaultlib
INFO: [VRFC 10-311] analyzing module M_Stage
INFO: [VRFC 10-2263] Analyzing Verilog file "C:/Users/OkuhiraShunri/Documents/verilog/DDP/vivado/PeripheralCircuit_sim/whole/HDL/OR_AM_MA.v" into library xil_defaultlib
INFO: [VRFC 10-311] analyzing module OR_AM_MA
INFO: [VRFC 10-2263] Analyzing Verilog file "C:/Users/OkuhiraShunri/Documents/verilog/DDP/vivado/PeripheralCircuit_sim/whole/HDL/PACKET_FETCH.v" into library xil_defaultlib
INFO: [VRFC 10-311] analyzing module PACKET_FETCH
INFO: [VRFC 10-2263] Analyzing Verilog file "C:/Users/OkuhiraShunri/Documents/verilog/DDP/vivado/PeripheralCircuit_sim/whole/HDL/PS_Stage.v" into library xil_defaultlib
INFO: [VRFC 10-311] analyzing module PS_Stage
INFO: [VRFC 10-2263] Analyzing Verilog file "C:/Users/OkuhiraShunri/Documents/verilog/DDP/vivado/PeripheralCircuit_sim/whole/HDL/WHOLE.v" into library xil_defaultlib
INFO: [VRFC 10-311] analyzing module WHOLE
INFO: [VRFC 10-2263] Analyzing Verilog file "C:/Users/OkuhiraShunri/Documents/verilog/DDP/vivado/PeripheralCircuit_sim/whole/HDL/WHOLE_SIM.v" into library xil_defaultlib
INFO: [VRFC 10-311] analyzing module WHOLE_SIM
