INFO: [VRFC 10-2263] Analyzing Verilog file "C:/Users/OkuhiraShunri/Documents/verilog/DDP/vivado/sim/HDL/ARB.v" into library xil_defaultlib
INFO: [VRFC 10-311] analyzing module ARB
INFO: [VRFC 10-2263] Analyzing Verilog file "C:/Users/OkuhiraShunri/Documents/verilog/DDP/vivado/sim/HDL/B_Stage.v" into library xil_defaultlib
INFO: [VRFC 10-311] analyzing module B_Stage
INFO: [VRFC 10-2263] Analyzing Verilog file "C:/Users/OkuhiraShunri/Documents/verilog/DDP/vivado/sim/HDL/C.v" into library xil_defaultlib
INFO: [VRFC 10-311] analyzing module C
INFO: [VRFC 10-2263] Analyzing Verilog file "C:/Users/OkuhiraShunri/Documents/verilog/DDP/vivado/sim/HDL/CB.v" into library xil_defaultlib
INFO: [VRFC 10-311] analyzing module CB
INFO: [VRFC 10-2263] Analyzing Verilog file "C:/Users/OkuhiraShunri/Documents/verilog/DDP/vivado/sim/HDL/CE.v" into library xil_defaultlib
INFO: [VRFC 10-311] analyzing module CE
INFO: [VRFC 10-2263] Analyzing Verilog file "C:/Users/OkuhiraShunri/Documents/verilog/DDP/vivado/sim/HDL/CF.v" into library xil_defaultlib
INFO: [VRFC 10-311] analyzing module CF
INFO: [VRFC 10-2263] Analyzing Verilog file "C:/Users/OkuhiraShunri/Documents/verilog/DDP/vivado/sim/HDL/CJ.v" into library xil_defaultlib
INFO: [VRFC 10-311] analyzing module CJ
INFO: [VRFC 10-2263] Analyzing Verilog file "C:/Users/OkuhiraShunri/Documents/verilog/DDP/vivado/sim/HDL/CM.v" into library xil_defaultlib
INFO: [VRFC 10-311] analyzing module CM
INFO: [VRFC 10-2263] Analyzing Verilog file "C:/Users/OkuhiraShunri/Documents/verilog/DDP/vivado/sim/HDL/COPY_Stage.v" into library xil_defaultlib
INFO: [VRFC 10-311] analyzing module COPY_Stage
INFO: [VRFC 10-2263] Analyzing Verilog file "C:/Users/OkuhiraShunri/Documents/verilog/DDP/vivado/sim/HDL/CX2.v" into library xil_defaultlib
INFO: [VRFC 10-311] analyzing module CX2
INFO: [VRFC 10-2263] Analyzing Verilog file "C:/Users/OkuhiraShunri/Documents/verilog/DDP/vivado/sim/HDL/Delay_2ns.v" into library xil_defaultlib
INFO: [VRFC 10-311] analyzing module Delay_2ns
INFO: [VRFC 10-2263] Analyzing Verilog file "C:/Users/OkuhiraShunri/Documents/verilog/DDP/vivado/sim/HDL/Delay_4ns.v" into library xil_defaultlib
INFO: [VRFC 10-311] analyzing module Delay_4ns
INFO: [VRFC 10-2263] Analyzing Verilog file "C:/Users/OkuhiraShunri/Documents/verilog/DDP/vivado/sim/HDL/ENTRY_FD.v" into library xil_defaultlib
INFO: [VRFC 10-311] analyzing module ENTRY_FD
INFO: [VRFC 10-2263] Analyzing Verilog file "C:/Users/OkuhiraShunri/Documents/verilog/DDP/vivado/sim/HDL/FP_Stage.v" into library xil_defaultlib
INFO: [VRFC 10-311] analyzing module FP_Stage
INFO: [VRFC 10-2263] Analyzing Verilog file "C:/Users/OkuhiraShunri/Documents/verilog/DDP/vivado/sim/HDL/JOIN_DDP.v" into library xil_defaultlib
INFO: [VRFC 10-311] analyzing module JOIN_DDP
INFO: [VRFC 10-2263] Analyzing Verilog file "C:/Users/OkuhiraShunri/Documents/verilog/DDP/vivado/sim/HDL/MA_Stage.v" into library xil_defaultlib
INFO: [VRFC 10-311] analyzing module MA_Stage
INFO: [VRFC 10-2263] Analyzing Verilog file "C:/Users/OkuhiraShunri/Documents/verilog/DDP/vivado/sim/HDL/MMCAM_Stage.v" into library xil_defaultlib
INFO: [VRFC 10-311] analyzing module MMCAM_Stage
INFO: [VRFC 10-2263] Analyzing Verilog file "C:/Users/OkuhiraShunri/Documents/verilog/DDP/vivado/sim/HDL/MMRAM_Stage.v" into library xil_defaultlib
WARNING: [VRFC 10-9157] macro 'M_PACKET_SIZE' is redefined [../../../../HDL/common_macro.vh:58]
WARNING: [VRFC 10-9157] macro 'MMCAM_PACKET_SIZE' is redefined [../../../../HDL/common_macro.vh:63]
WARNING: [VRFC 10-9157] macro 'MA_PACKET_SIZE' is redefined [../../../../HDL/common_macro.vh:139]
WARNING: [VRFC 10-9157] macro 'M_PACKET_SIZE' is redefined [../../../../HDL/macro.vh:5]
WARNING: [VRFC 10-9157] macro 'MMCAM_PACKET_SIZE' is redefined [../../../../HDL/macro.vh:6]
WARNING: [VRFC 10-9157] macro 'MA_PACKET_SIZE' is redefined [../../../../HDL/macro.vh:10]
INFO: [VRFC 10-311] analyzing module MMRAM_Stage
INFO: [VRFC 10-2263] Analyzing Verilog file "C:/Users/OkuhiraShunri/Documents/verilog/DDP/vivado/sim/HDL/M_Stage.v" into library xil_defaultlib
INFO: [VRFC 10-311] analyzing module M_Stage
INFO: [VRFC 10-2263] Analyzing Verilog file "C:/Users/OkuhiraShunri/Documents/verilog/DDP/vivado/sim/HDL/OR_AM_MA.v" into library xil_defaultlib
INFO: [VRFC 10-311] analyzing module OR_AM_MA
INFO: [VRFC 10-2263] Analyzing Verilog file "C:/Users/OkuhiraShunri/Documents/verilog/DDP/vivado/sim/HDL/PS_Stage.v" into library xil_defaultlib
INFO: [VRFC 10-311] analyzing module PS_Stage
INFO: [VRFC 10-2263] Analyzing Verilog file "C:/Users/OkuhiraShunri/Documents/verilog/DDP/vivado/sim/HDL/JOIN_DDP_SIM.v" into library xil_defaultlib
INFO: [VRFC 10-311] analyzing module JOIN_DDP_SIM
