
*** Running vivado
    with args -log JOIN_DDP.vds -m64 -product Vivado -mode batch -messageDb vivado.pb -notrace -source JOIN_DDP.tcl



****** Vivado v2024.1 (64-bit)
  **** SW Build 5076996 on Wed May 22 18:37:14 MDT 2024
  **** IP Build 5075265 on Wed May 22 21:45:21 MDT 2024
  **** SharedData Build 5076995 on Wed May 22 18:29:18 MDT 2024
  **** Start of session at: Tue Oct  8 17:48:27 2024
    ** Copyright 1986-2022 Xilinx, Inc. All Rights Reserved.
    ** Copyright 2022-2024 Advanced Micro Devices, Inc. All Rights Reserved.

source JOIN_DDP.tcl -notrace
create_project: Time (s): cpu = 00:00:07 ; elapsed = 00:00:07 . Memory (MB): peak = 538.668 ; gain = 239.195
Command: read_checkpoint -auto_incremental -incremental C:/Users/OkuhiraShunri/Documents/verilog/DDP/vivado/sim/DDP.srcs/utils_1/imports/synth_1/JOIN_DDP.dcp
INFO: [Vivado 12-5825] Read reference checkpoint from C:/Users/OkuhiraShunri/Documents/verilog/DDP/vivado/sim/DDP.srcs/utils_1/imports/synth_1/JOIN_DDP.dcp for incremental synthesis
INFO: [Vivado 12-7989] Please ensure there are no constraint changes
Command: synth_design -top JOIN_DDP -part xc7z010clg400-1
Starting synth_design
Attempting to get a license for feature 'Synthesis' and/or device 'xc7z010'
INFO: [Common 17-349] Got license for feature 'Synthesis' and/or device 'xc7z010'
INFO: [Designutils 20-5440] No compile time benefit to using incremental synthesis; A full resynthesis will be run
INFO: [Designutils 20-4379] Flow is switching to default flow due to incremental criteria not met. If you would like to alter this behaviour and have the flow terminate instead, please set the following parameter config_implementation {autoIncr.Synth.RejectBehavior Terminate}
INFO: [Synth 8-7079] Multithreading enabled for synth_design using a maximum of 2 processes.
INFO: [Synth 8-7078] Launching helper process for spawning children vivado processes
INFO: [Synth 8-7075] Helper process launched with PID 19120
---------------------------------------------------------------------------------
Starting Synthesize : Time (s): cpu = 00:00:04 ; elapsed = 00:00:05 . Memory (MB): peak = 996.352 ; gain = 445.156
---------------------------------------------------------------------------------
WARNING: [Synth 8-10940] macro 'M_PACKET_SIZE' is redefined [C:/Users/OkuhiraShunri/Documents/verilog/DDP/vivado/sim/HDL/common_macro.vh:61]
WARNING: [Synth 8-10940] macro 'MMCAM_PACKET_SIZE' is redefined [C:/Users/OkuhiraShunri/Documents/verilog/DDP/vivado/sim/HDL/common_macro.vh:66]
WARNING: [Synth 8-10940] macro 'MA_PACKET_SIZE' is redefined [C:/Users/OkuhiraShunri/Documents/verilog/DDP/vivado/sim/HDL/common_macro.vh:147]
INFO: [Synth 8-11241] undeclared symbol 'CP', assumed default net type 'wire' [C:/Users/OkuhiraShunri/Documents/verilog/DDP/vivado/sim/HDL/B_Stage.v:13]
INFO: [Synth 8-11241] undeclared symbol 'send_out_b', assumed default net type 'wire' [C:/Users/OkuhiraShunri/Documents/verilog/DDP/vivado/sim/HDL/CM.v:9]
WARNING: [Synth 8-10940] macro 'M_PACKET_SIZE' is redefined [C:/Users/OkuhiraShunri/Documents/verilog/DDP/vivado/sim/HDL/macro.vh:5]
WARNING: [Synth 8-10940] macro 'MMCAM_PACKET_SIZE' is redefined [C:/Users/OkuhiraShunri/Documents/verilog/DDP/vivado/sim/HDL/macro.vh:6]
WARNING: [Synth 8-10940] macro 'MA_PACKET_SIZE' is redefined [C:/Users/OkuhiraShunri/Documents/verilog/DDP/vivado/sim/HDL/macro.vh:10]
WARNING: [Synth 8-10940] macro 'M_PACKET_SIZE' is redefined [C:/Users/OkuhiraShunri/Documents/verilog/DDP/vivado/sim/HDL/common_macro.vh:61]
WARNING: [Synth 8-10940] macro 'MMCAM_PACKET_SIZE' is redefined [C:/Users/OkuhiraShunri/Documents/verilog/DDP/vivado/sim/HDL/common_macro.vh:66]
WARNING: [Synth 8-10940] macro 'MA_PACKET_SIZE' is redefined [C:/Users/OkuhiraShunri/Documents/verilog/DDP/vivado/sim/HDL/common_macro.vh:147]
INFO: [Synth 8-11241] undeclared symbol 'AEB', assumed default net type 'wire' [C:/Users/OkuhiraShunri/Documents/verilog/DDP/vivado/sim/HDL/M_Stage.v:31]
WARNING: [Synth 8-10940] macro 'M_PACKET_SIZE' is redefined [C:/Users/OkuhiraShunri/Documents/verilog/DDP/vivado/sim/HDL/macro.vh:5]
WARNING: [Synth 8-10940] macro 'MMCAM_PACKET_SIZE' is redefined [C:/Users/OkuhiraShunri/Documents/verilog/DDP/vivado/sim/HDL/macro.vh:6]
WARNING: [Synth 8-10940] macro 'MA_PACKET_SIZE' is redefined [C:/Users/OkuhiraShunri/Documents/verilog/DDP/vivado/sim/HDL/macro.vh:10]
INFO: [Synth 8-11241] undeclared symbol 'M_Ack_out_IN', assumed default net type 'wire' [C:/Users/OkuhiraShunri/Documents/verilog/DDP/vivado/sim/HDL/JOIN_DDP.v:33]
INFO: [Synth 8-11241] undeclared symbol 'WR_E', assumed default net type 'wire' [C:/Users/OkuhiraShunri/Documents/verilog/DDP/vivado/sim/HDL/JOIN_DDP.v:36]
INFO: [Synth 8-11241] undeclared symbol 'DEL', assumed default net type 'wire' [C:/Users/OkuhiraShunri/Documents/verilog/DDP/vivado/sim/HDL/JOIN_DDP.v:36]
INFO: [Synth 8-11241] undeclared symbol 'PS_DEL', assumed default net type 'wire' [C:/Users/OkuhiraShunri/Documents/verilog/DDP/vivado/sim/HDL/JOIN_DDP.v:42]
INFO: [Synth 8-11241] undeclared symbol 'WRITE_DATA', assumed default net type 'wire' [C:/Users/OkuhiraShunri/Documents/verilog/DDP/vivado/sim/HDL/JOIN_DDP.v:45]
INFO: [Synth 8-11241] undeclared symbol 'WRITE_EN', assumed default net type 'wire' [C:/Users/OkuhiraShunri/Documents/verilog/DDP/vivado/sim/HDL/JOIN_DDP.v:45]
INFO: [Synth 8-11241] undeclared symbol 'LOAD_FLG', assumed default net type 'wire' [C:/Users/OkuhiraShunri/Documents/verilog/DDP/vivado/sim/HDL/JOIN_DDP.v:45]
INFO: [Synth 8-6157] synthesizing module 'JOIN_DDP' [C:/Users/OkuhiraShunri/Documents/verilog/DDP/vivado/sim/HDL/JOIN_DDP.v:1]
INFO: [Synth 8-6157] synthesizing module 'M_Stage' [C:/Users/OkuhiraShunri/Documents/verilog/DDP/vivado/sim/HDL/M_Stage.v:1]
INFO: [Synth 8-6157] synthesizing module 'CM' [C:/Users/OkuhiraShunri/Documents/verilog/DDP/vivado/sim/HDL/CM.v:1]
INFO: [Synth 8-6157] synthesizing module 'CJ' [C:/Users/OkuhiraShunri/Documents/verilog/DDP/vivado/sim/HDL/CJ.v:2]
INFO: [Synth 8-6157] synthesizing module 'Delay_4ns' [C:/Users/OkuhiraShunri/Documents/verilog/DDP/vivado/sim/HDL/Delay_4ns.v:1]
INFO: [Synth 8-6157] synthesizing module 'LUT1' [C:/Xilinx/Vivado/2024.1/scripts/rt/data/unisim_comp.v:81887]
	Parameter INIT bound to: 2'b10 
INFO: [Synth 8-6155] done synthesizing module 'LUT1' (0#1) [C:/Xilinx/Vivado/2024.1/scripts/rt/data/unisim_comp.v:81887]
INFO: [Synth 8-6155] done synthesizing module 'Delay_4ns' (0#1) [C:/Users/OkuhiraShunri/Documents/verilog/DDP/vivado/sim/HDL/Delay_4ns.v:1]
INFO: [Synth 8-6155] done synthesizing module 'CJ' (0#1) [C:/Users/OkuhiraShunri/Documents/verilog/DDP/vivado/sim/HDL/CJ.v:2]
INFO: [Synth 8-6157] synthesizing module 'ARB' [C:/Users/OkuhiraShunri/Documents/verilog/DDP/vivado/sim/HDL/ARB.v:1]
INFO: [Synth 8-6155] done synthesizing module 'ARB' (0#1) [C:/Users/OkuhiraShunri/Documents/verilog/DDP/vivado/sim/HDL/ARB.v:1]
INFO: [Synth 8-6155] done synthesizing module 'CM' (0#1) [C:/Users/OkuhiraShunri/Documents/verilog/DDP/vivado/sim/HDL/CM.v:1]
INFO: [Synth 8-6155] done synthesizing module 'M_Stage' (0#1) [C:/Users/OkuhiraShunri/Documents/verilog/DDP/vivado/sim/HDL/M_Stage.v:1]
INFO: [Synth 8-6157] synthesizing module 'MMCAM_Stage' [C:/Users/OkuhiraShunri/Documents/verilog/DDP/vivado/sim/HDL/MMCAM_Stage.v:1]
INFO: [Synth 8-6157] synthesizing module 'ENTRY_FD' [C:/Users/OkuhiraShunri/Documents/verilog/DDP/vivado/sim/HDL/ENTRY_FD.v:1]
INFO: [Synth 8-6155] done synthesizing module 'ENTRY_FD' (0#1) [C:/Users/OkuhiraShunri/Documents/verilog/DDP/vivado/sim/HDL/ENTRY_FD.v:1]
INFO: [Synth 8-6157] synthesizing module 'C' [C:/Users/OkuhiraShunri/Documents/verilog/DDP/vivado/sim/HDL/C.v:2]
INFO: [Synth 8-6155] done synthesizing module 'C' (0#1) [C:/Users/OkuhiraShunri/Documents/verilog/DDP/vivado/sim/HDL/C.v:2]
INFO: [Synth 8-6157] synthesizing module 'OR_AM_MA' [C:/Users/OkuhiraShunri/Documents/verilog/DDP/vivado/sim/HDL/OR_AM_MA.v:1]
INFO: [Synth 8-6155] done synthesizing module 'OR_AM_MA' (0#1) [C:/Users/OkuhiraShunri/Documents/verilog/DDP/vivado/sim/HDL/OR_AM_MA.v:1]
INFO: [Synth 8-6155] done synthesizing module 'MMCAM_Stage' (0#1) [C:/Users/OkuhiraShunri/Documents/verilog/DDP/vivado/sim/HDL/MMCAM_Stage.v:1]
INFO: [Synth 8-6157] synthesizing module 'MMRAM_Stage' [C:/Users/OkuhiraShunri/Documents/verilog/DDP/vivado/sim/HDL/MMRAM_Stage.v:1]
INFO: [Synth 8-6157] synthesizing module 'CE' [C:/Users/OkuhiraShunri/Documents/verilog/DDP/vivado/sim/HDL/CE.v:1]
INFO: [Synth 8-6157] synthesizing module 'CF' [C:/Users/OkuhiraShunri/Documents/verilog/DDP/vivado/sim/HDL/CF.v:2]
INFO: [Synth 8-6157] synthesizing module 'Delay_2ns' [C:/Users/OkuhiraShunri/Documents/verilog/DDP/vivado/sim/HDL/Delay_2ns.v:1]
INFO: [Synth 8-6155] done synthesizing module 'Delay_2ns' (0#1) [C:/Users/OkuhiraShunri/Documents/verilog/DDP/vivado/sim/HDL/Delay_2ns.v:1]
INFO: [Synth 8-6155] done synthesizing module 'CF' (0#1) [C:/Users/OkuhiraShunri/Documents/verilog/DDP/vivado/sim/HDL/CF.v:2]
INFO: [Synth 8-6155] done synthesizing module 'CE' (0#1) [C:/Users/OkuhiraShunri/Documents/verilog/DDP/vivado/sim/HDL/CE.v:1]
INFO: [Synth 8-6155] done synthesizing module 'MMRAM_Stage' (0#1) [C:/Users/OkuhiraShunri/Documents/verilog/DDP/vivado/sim/HDL/MMRAM_Stage.v:1]
INFO: [Synth 8-6157] synthesizing module 'PS_Stage' [C:/Users/OkuhiraShunri/Documents/verilog/DDP/vivado/sim/HDL/PS_Stage.v:1]
INFO: [Synth 8-6155] done synthesizing module 'PS_Stage' (0#1) [C:/Users/OkuhiraShunri/Documents/verilog/DDP/vivado/sim/HDL/PS_Stage.v:1]
INFO: [Synth 8-6157] synthesizing module 'FP_Stage' [C:/Users/OkuhiraShunri/Documents/verilog/DDP/vivado/sim/HDL/FP_Stage.v:1]
INFO: [Synth 8-6155] done synthesizing module 'FP_Stage' (0#1) [C:/Users/OkuhiraShunri/Documents/verilog/DDP/vivado/sim/HDL/FP_Stage.v:1]
WARNING: [Synth 8-689] width (1) of port connection 'WRITE_DATA' does not match port width (16) of module 'FP_Stage' [C:/Users/OkuhiraShunri/Documents/verilog/DDP/vivado/sim/HDL/JOIN_DDP.v:45]
INFO: [Synth 8-6157] synthesizing module 'MA_Stage' [C:/Users/OkuhiraShunri/Documents/verilog/DDP/vivado/sim/HDL/MA_Stage.v:1]
INFO: [Synth 8-6155] done synthesizing module 'MA_Stage' (0#1) [C:/Users/OkuhiraShunri/Documents/verilog/DDP/vivado/sim/HDL/MA_Stage.v:1]
WARNING: [Synth 8-689] width (1) of port connection 'WRITE_DATA' does not match port width (16) of module 'MA_Stage' [C:/Users/OkuhiraShunri/Documents/verilog/DDP/vivado/sim/HDL/JOIN_DDP.v:48]
INFO: [Synth 8-6157] synthesizing module 'COPY_Stage' [C:/Users/OkuhiraShunri/Documents/verilog/DDP/vivado/sim/HDL/COPY_Stage.v:1]
INFO: [Synth 8-6157] synthesizing module 'CX2' [C:/Users/OkuhiraShunri/Documents/verilog/DDP/vivado/sim/HDL/CX2.v:1]
INFO: [Synth 8-6155] done synthesizing module 'CX2' (0#1) [C:/Users/OkuhiraShunri/Documents/verilog/DDP/vivado/sim/HDL/CX2.v:1]
INFO: [Synth 8-6155] done synthesizing module 'COPY_Stage' (0#1) [C:/Users/OkuhiraShunri/Documents/verilog/DDP/vivado/sim/HDL/COPY_Stage.v:1]
INFO: [Synth 8-6157] synthesizing module 'B_Stage' [C:/Users/OkuhiraShunri/Documents/verilog/DDP/vivado/sim/HDL/B_Stage.v:1]
INFO: [Synth 8-6157] synthesizing module 'CB' [C:/Users/OkuhiraShunri/Documents/verilog/DDP/vivado/sim/HDL/CB.v:1]
INFO: [Synth 8-6155] done synthesizing module 'CB' (0#1) [C:/Users/OkuhiraShunri/Documents/verilog/DDP/vivado/sim/HDL/CB.v:1]
INFO: [Synth 8-6155] done synthesizing module 'B_Stage' (0#1) [C:/Users/OkuhiraShunri/Documents/verilog/DDP/vivado/sim/HDL/B_Stage.v:1]
INFO: [Synth 8-6155] done synthesizing module 'JOIN_DDP' (0#1) [C:/Users/OkuhiraShunri/Documents/verilog/DDP/vivado/sim/HDL/JOIN_DDP.v:1]
WARNING: [Synth 8-7137] Register ENTRY_reg in module ENTRY_FD has both Set and reset with same priority. This may cause simulation mismatches. Consider rewriting code  [C:/Users/OkuhiraShunri/Documents/verilog/DDP/vivado/sim/HDL/ENTRY_FD.v:17]
WARNING: [Synth 8-6026] Ignoring keep related attribute (keep/mark_debug/dont_touch) applied on memory [C:/Users/OkuhiraShunri/Documents/verilog/DDP/vivado/sim/HDL/MMRAM_Stage.v:12]
WARNING: [Synth 8-6026] Ignoring keep related attribute (keep/mark_debug/dont_touch) applied on memory [C:/Users/OkuhiraShunri/Documents/verilog/DDP/vivado/sim/HDL/MMRAM_Stage.v:13]
WARNING: [Synth 8-7137] Register RAM_reg in module MMRAM_Stage has both Set and reset with same priority. This may cause simulation mismatches. Consider rewriting code 
WARNING: [Synth 8-4767] Trying to implement RAM 'RAM_reg' in registers. Block RAM or DRAM implementation is not possible; see log for reasons.
Reason is one or more of the following :
	1: RAM is sensitive to asynchronous reset signal. this RTL style is not supported. 
RAM "RAM_reg" dissolved into registers
WARNING: [Synth 8-6026] Ignoring keep related attribute (keep/mark_debug/dont_touch) applied on memory [C:/Users/OkuhiraShunri/Documents/verilog/DDP/vivado/sim/HDL/PS_Stage.v:11]
WARNING: [Synth 8-6026] Ignoring keep related attribute (keep/mark_debug/dont_touch) applied on memory [C:/Users/OkuhiraShunri/Documents/verilog/DDP/vivado/sim/HDL/B_Stage.v:15]
WARNING: [Synth 8-7137] Register MF_reg in module B_Stage has both Set and reset with same priority. This may cause simulation mismatches. Consider rewriting code  [C:/Users/OkuhiraShunri/Documents/verilog/DDP/vivado/sim/HDL/B_Stage.v:62]
WARNING: [Synth 8-7129] Port ADDR[5] in module MMRAM_Stage is either unconnected or has no load
---------------------------------------------------------------------------------
Finished Synthesize : Time (s): cpu = 00:00:06 ; elapsed = 00:00:06 . Memory (MB): peak = 1122.734 ; gain = 571.539
---------------------------------------------------------------------------------
---------------------------------------------------------------------------------
Finished Constraint Validation : Time (s): cpu = 00:00:06 ; elapsed = 00:00:07 . Memory (MB): peak = 1122.734 ; gain = 571.539
---------------------------------------------------------------------------------
---------------------------------------------------------------------------------
Start Loading Part and Timing Information
---------------------------------------------------------------------------------
Loading part: xc7z010clg400-1
---------------------------------------------------------------------------------
Finished Loading Part and Timing Information : Time (s): cpu = 00:00:06 ; elapsed = 00:00:07 . Memory (MB): peak = 1122.734 ; gain = 571.539
---------------------------------------------------------------------------------
INFO: [Device 21-403] Loading part xc7z010clg400-1
---------------------------------------------------------------------------------
Finished RTL Optimization Phase 2 : Time (s): cpu = 00:00:08 ; elapsed = 00:00:08 . Memory (MB): peak = 1150.102 ; gain = 598.906
---------------------------------------------------------------------------------
No constraint files found.
---------------------------------------------------------------------------------
Start RTL Component Statistics 
---------------------------------------------------------------------------------
Detailed RTL Component Info : 
+---Adders : 
	   2 Input   17 Bit       Adders := 1     
	   3 Input   16 Bit       Adders := 1     
	   2 Input   16 Bit       Adders := 1     
	   2 Input   11 Bit       Adders := 1     
	   2 Input    8 Bit       Adders := 1     
	   2 Input    7 Bit       Adders := 2     
+---XORs : 
	   2 Input     16 Bit         XORs := 1     
+---Registers : 
	               62 Bit    Registers := 1     
	               52 Bit    Registers := 1     
	               41 Bit    Registers := 1     
	               40 Bit    Registers := 1     
	               38 Bit    Registers := 6     
	               20 Bit    Registers := 21    
	               19 Bit    Registers := 20    
	               17 Bit    Registers := 1     
	               16 Bit    Registers := 22    
	                6 Bit    Registers := 1     
	                1 Bit    Registers := 29    
+---Muxes : 
	   2 Input   54 Bit        Muxes := 1     
	   2 Input   52 Bit        Muxes := 1     
	   2 Input   40 Bit        Muxes := 1     
	   2 Input   38 Bit        Muxes := 1     
	   2 Input   19 Bit        Muxes := 40    
	  21 Input   17 Bit        Muxes := 1     
	  21 Input   16 Bit        Muxes := 1     
	   2 Input   16 Bit        Muxes := 1     
	   2 Input    7 Bit        Muxes := 1     
	   2 Input    6 Bit        Muxes := 1     
	   2 Input    3 Bit        Muxes := 1     
	   2 Input    2 Bit        Muxes := 1     
	   3 Input    1 Bit        Muxes := 20    
	   2 Input    1 Bit        Muxes := 102   
---------------------------------------------------------------------------------
Finished RTL Component Statistics 
---------------------------------------------------------------------------------
---------------------------------------------------------------------------------
Start Part Resource Summary
---------------------------------------------------------------------------------
INFO: [Device 21-9227] Part: xc7z010clg400-1 does not have CEAM library.
Part Resources:
DSPs: 80 (col length:40)
BRAMs: 120 (col length: RAMB18 40 RAMB36 20)
---------------------------------------------------------------------------------
Finished Part Resource Summary
---------------------------------------------------------------------------------
No constraint files found.
---------------------------------------------------------------------------------
Start Cross Boundary and Area Optimization
---------------------------------------------------------------------------------
WARNING: [Synth 8-7080] Parallel synthesis criteria is not met
DSP Report: Generating DSP ALU1, operation Mode is: A*B.
DSP Report: operator ALU1 is absorbed into DSP ALU1.
WARNING: [Synth 8-7129] Port ADDR[5] in module MMRAM_Stage is either unconnected or has no load
---------------------------------------------------------------------------------
Finished Cross Boundary and Area Optimization : Time (s): cpu = 00:00:17 ; elapsed = 00:00:18 . Memory (MB): peak = 1358.520 ; gain = 807.324
---------------------------------------------------------------------------------
 Sort Area is  ALU1_0 : 0 0 : 1946 1946 : Used 1 time 0
---------------------------------------------------------------------------------
Start ROM, RAM, DSP, Shift Register and Retiming Reporting
---------------------------------------------------------------------------------

ROM: Preliminary Mapping Report
+------------+------------+---------------+----------------+
|Module Name | RTL Object | Depth x Width | Implemented As | 
+------------+------------+---------------+----------------+
|B_Stage     | SubPS      | 32x1          | LUT            | 
|B_Stage     | p_0_out    | 32x1          | LUT            | 
+------------+------------+---------------+----------------+


DSP: Preliminary Mapping Report (see note below. The ' indicates corresponding REG is set)
+------------+-------------+--------+--------+--------+--------+--------+------+------+------+------+-------+------+------+
|Module Name | DSP Mapping | A Size | B Size | C Size | D Size | P Size | AREG | BREG | CREG | DREG | ADREG | MREG | PREG | 
+------------+-------------+--------+--------+--------+--------+--------+------+------+------+------+-------+------+------+
|FP_Stage    | A*B         | 16     | 16     | -      | -      | 32     | 0    | 0    | -    | -    | -     | 0    | 0    | 
+------------+-------------+--------+--------+--------+--------+--------+------+------+------+------+-------+------+------+

Note: The table above is a preliminary report that shows the DSPs inferred at the current stage of the synthesis flow. Some DSP may be reimplemented as non DSP primitives later in the synthesis flow. Multiple instantiated DSPs are reported only once.
---------------------------------------------------------------------------------
Finished ROM, RAM, DSP, Shift Register and Retiming Reporting
---------------------------------------------------------------------------------
No constraint files found.
---------------------------------------------------------------------------------
Start Timing Optimization
---------------------------------------------------------------------------------
---------------------------------------------------------------------------------
Finished Timing Optimization : Time (s): cpu = 00:00:18 ; elapsed = 00:00:18 . Memory (MB): peak = 1364.301 ; gain = 813.105
---------------------------------------------------------------------------------
---------------------------------------------------------------------------------
Start Technology Mapping
---------------------------------------------------------------------------------
---------------------------------------------------------------------------------
Finished Technology Mapping : Time (s): cpu = 00:00:19 ; elapsed = 00:00:19 . Memory (MB): peak = 1364.301 ; gain = 813.105
---------------------------------------------------------------------------------
---------------------------------------------------------------------------------
Start IO Insertion
---------------------------------------------------------------------------------
---------------------------------------------------------------------------------
Start Flattening Before IO Insertion
---------------------------------------------------------------------------------
---------------------------------------------------------------------------------
Finished Flattening Before IO Insertion
---------------------------------------------------------------------------------
---------------------------------------------------------------------------------
Start Final Netlist Cleanup
---------------------------------------------------------------------------------
---------------------------------------------------------------------------------
Finished Final Netlist Cleanup
---------------------------------------------------------------------------------
WARNING: [Synth 8-3295] tying undriven pin send_in_b_inferred:in0 to constant 0
WARNING: [Synth 8-3295] tying undriven pin M_Ack_out_inferred:in0 to constant 0
WARNING: [Synth 8-5396] Clock pin C has keep related attribute (keep/mark_debug/dont_touch) which could create extra logic on its net [C:/Users/OkuhiraShunri/Documents/verilog/DDP/vivado/sim/HDL/M_Stage.v:14]
WARNING: [Synth 8-5396] Clock pin C has keep related attribute (keep/mark_debug/dont_touch) which could create extra logic on its net [C:/Users/OkuhiraShunri/Documents/verilog/DDP/vivado/sim/HDL/M_Stage.v:23]
WARNING: [Synth 8-5396] Clock pin C has keep related attribute (keep/mark_debug/dont_touch) which could create extra logic on its net [C:/Users/OkuhiraShunri/Documents/verilog/DDP/vivado/sim/HDL/ENTRY_FD.v:17]
WARNING: [Synth 8-5396] Clock pin C has keep related attribute (keep/mark_debug/dont_touch) which could create extra logic on its net [C:/Users/OkuhiraShunri/Documents/verilog/DDP/vivado/sim/HDL/MMRAM_Stage.v:61]
WARNING: [Synth 8-5396] Clock pin C has keep related attribute (keep/mark_debug/dont_touch) which could create extra logic on its net [C:/Users/OkuhiraShunri/Documents/verilog/DDP/vivado/sim/HDL/PS_Stage.v:44]
WARNING: [Synth 8-5396] Clock pin C has keep related attribute (keep/mark_debug/dont_touch) which could create extra logic on its net [C:/Users/OkuhiraShunri/Documents/verilog/DDP/vivado/sim/HDL/FP_Stage.v:17]
WARNING: [Synth 8-5396] Clock pin C has keep related attribute (keep/mark_debug/dont_touch) which could create extra logic on its net [C:/Users/OkuhiraShunri/Documents/verilog/DDP/vivado/sim/HDL/MA_Stage.v:45]
WARNING: [Synth 8-5396] Clock pin C has keep related attribute (keep/mark_debug/dont_touch) which could create extra logic on its net [C:/Users/OkuhiraShunri/Documents/verilog/DDP/vivado/sim/HDL/CX2.v:14]
WARNING: [Synth 8-5396] Clock pin C has keep related attribute (keep/mark_debug/dont_touch) which could create extra logic on its net [C:/Users/OkuhiraShunri/Documents/verilog/DDP/vivado/sim/HDL/CX2.v:21]
WARNING: [Synth 8-5396] Clock pin C has keep related attribute (keep/mark_debug/dont_touch) which could create extra logic on its net [C:/Users/OkuhiraShunri/Documents/verilog/DDP/vivado/sim/HDL/B_Stage.v:62]
WARNING: [Synth 8-5396] Clock pin C has keep related attribute (keep/mark_debug/dont_touch) which could create extra logic on its net [C:/Users/OkuhiraShunri/Documents/verilog/DDP/vivado/sim/HDL/JOIN_DDP.v:61]
---------------------------------------------------------------------------------
Finished IO Insertion : Time (s): cpu = 00:00:22 ; elapsed = 00:00:23 . Memory (MB): peak = 1364.301 ; gain = 813.105
---------------------------------------------------------------------------------
---------------------------------------------------------------------------------
Start Renaming Generated Instances
---------------------------------------------------------------------------------
---------------------------------------------------------------------------------
Finished Renaming Generated Instances : Time (s): cpu = 00:00:22 ; elapsed = 00:00:23 . Memory (MB): peak = 1364.301 ; gain = 813.105
---------------------------------------------------------------------------------
---------------------------------------------------------------------------------
Start Rebuilding User Hierarchy
---------------------------------------------------------------------------------
---------------------------------------------------------------------------------
Finished Rebuilding User Hierarchy : Time (s): cpu = 00:00:22 ; elapsed = 00:00:23 . Memory (MB): peak = 1364.301 ; gain = 813.105
---------------------------------------------------------------------------------
---------------------------------------------------------------------------------
Start Renaming Generated Ports
---------------------------------------------------------------------------------
---------------------------------------------------------------------------------
Finished Renaming Generated Ports : Time (s): cpu = 00:00:22 ; elapsed = 00:00:23 . Memory (MB): peak = 1364.301 ; gain = 813.105
---------------------------------------------------------------------------------
---------------------------------------------------------------------------------
Start Handling Custom Attributes
---------------------------------------------------------------------------------
---------------------------------------------------------------------------------
Finished Handling Custom Attributes : Time (s): cpu = 00:00:22 ; elapsed = 00:00:23 . Memory (MB): peak = 1364.301 ; gain = 813.105
---------------------------------------------------------------------------------
---------------------------------------------------------------------------------
Start Renaming Generated Nets
---------------------------------------------------------------------------------
---------------------------------------------------------------------------------
Finished Renaming Generated Nets : Time (s): cpu = 00:00:22 ; elapsed = 00:00:23 . Memory (MB): peak = 1364.301 ; gain = 813.105
---------------------------------------------------------------------------------
---------------------------------------------------------------------------------
Start Writing Synthesis Report
---------------------------------------------------------------------------------

DSP Final Report (the ' indicates corresponding REG is set)
+------------+-------------+--------+--------+--------+--------+--------+------+------+------+------+-------+------+------+
|Module Name | DSP Mapping | A Size | B Size | C Size | D Size | P Size | AREG | BREG | CREG | DREG | ADREG | MREG | PREG | 
+------------+-------------+--------+--------+--------+--------+--------+------+------+------+------+-------+------+------+
|FP_Stage    | A*B         | 16     | 16     | -      | -      | 32     | 0    | 0    | -    | -    | -     | 0    | 0    | 
+------------+-------------+--------+--------+--------+--------+--------+------+------+------+------+-------+------+------+


Report BlackBoxes: 
+-+--------------+----------+
| |BlackBox name |Instances |
+-+--------------+----------+
+-+--------------+----------+

Report Cell Usage: 
+------+--------+------+
|      |Cell    |Count |
+------+--------+------+
|1     |CARRY4  |    58|
|2     |DSP48E1 |     1|
|3     |LUT1    |   610|
|4     |LUT2    |   884|
|5     |LUT3    |   993|
|6     |LUT4    |   149|
|7     |LUT5    |   155|
|8     |LUT6    |   791|
|9     |MUXF7   |    90|
|10    |MUXF8   |     9|
|11    |FDCE    |  1222|
|12    |FDCP    |     1|
|13    |FDCPE   |   380|
|14    |FDCP    |     1|
|15    |FDC     |     1|
|16    |FDPE    |   383|
|17    |FDP     |     1|
|18    |FDRE    |   402|
|19    |LDC     |   382|
|20    |IBUF    |    41|
|21    |OBUF    |    40|
+------+--------+------+

Report Instance Areas: 
+------+---------------------------+--------------+------+
|      |Instance                   |Module        |Cells |
+------+---------------------------+--------------+------+
|1     |top                        |              |  6594|
|2     |  M                        |M_Stage       |   218|
|3     |    cm                     |CM            |   104|
|4     |      cj_a                 |CJ__1         |    45|
|5     |        delay1             |Delay_4ns__38 |     9|
|6     |        delay2             |Delay_4ns__37 |     9|
|7     |        delay3             |Delay_4ns__36 |     9|
|8     |        delay4             |Delay_4ns__35 |     9|
|9     |      cj_b                 |CJ            |    45|
|10    |        delay1             |Delay_4ns__1  |     9|
|11    |        delay2             |Delay_4ns__2  |     9|
|12    |        delay3             |Delay_4ns__3  |     9|
|13    |        delay4             |Delay_4ns__4  |     9|
|14    |      arb                  |ARB           |     8|
|15    |  MMCAM                    |MMCAM_Stage   |  3422|
|16    |    \entry_fd_loop[0].ef   |ENTRY_FD__1   |   163|
|17    |    \entry_fd_loop[1].ef   |ENTRY_FD__2   |   163|
|18    |    \entry_fd_loop[2].ef   |ENTRY_FD__3   |   163|
|19    |    \entry_fd_loop[3].ef   |ENTRY_FD__4   |   163|
|20    |    \entry_fd_loop[4].ef   |ENTRY_FD__5   |   163|
|21    |    \entry_fd_loop[5].ef   |ENTRY_FD__6   |   163|
|22    |    \entry_fd_loop[6].ef   |ENTRY_FD__7   |   163|
|23    |    \entry_fd_loop[7].ef   |ENTRY_FD__8   |   163|
|24    |    \entry_fd_loop[8].ef   |ENTRY_FD__9   |   163|
|25    |    \entry_fd_loop[9].ef   |ENTRY_FD__10  |   163|
|26    |    \entry_fd_loop[10].ef  |ENTRY_FD__11  |   163|
|27    |    \entry_fd_loop[11].ef  |ENTRY_FD__12  |   163|
|28    |    \entry_fd_loop[12].ef  |ENTRY_FD__13  |   163|
|29    |    \entry_fd_loop[13].ef  |ENTRY_FD__14  |   163|
|30    |    \entry_fd_loop[14].ef  |ENTRY_FD__15  |   163|
|31    |    \entry_fd_loop[15].ef  |ENTRY_FD__16  |   163|
|32    |    \entry_fd_loop[16].ef  |ENTRY_FD__17  |   163|
|33    |    \entry_fd_loop[17].ef  |ENTRY_FD__18  |   163|
|34    |    \entry_fd_loop[18].ef  |ENTRY_FD__19  |   163|
|35    |    \entry_fd_loop[19].ef  |ENTRY_FD      |   163|
|36    |    c                      |C__1          |    44|
|37    |      delay1               |Delay_4ns__14 |     9|
|38    |      delay2               |Delay_4ns__13 |     9|
|39    |      delay3               |Delay_4ns__12 |     9|
|40    |      delay4               |Delay_4ns__11 |     9|
|41    |    oam                    |OR_AM_MA      |    80|
|42    |  MMRAM                    |MMRAM_Stage   |   848|
|43    |    ce                     |CE__1         |    44|
|44    |      cf                   |CF__4         |    40|
|45    |        delay1             |Delay_4ns__34 |     9|
|46    |        delay2             |Delay_4ns__33 |     9|
|47    |        delay3             |Delay_4ns__32 |     9|
|48    |        delay4             |Delay_2ns__4  |     5|
|49    |  PS                       |PS_Stage      |   125|
|50    |    c                      |C__2          |    44|
|51    |      delay1               |Delay_4ns__18 |     9|
|52    |      delay2               |Delay_4ns__17 |     9|
|53    |      delay3               |Delay_4ns__16 |     9|
|54    |      delay4               |Delay_4ns__15 |     9|
|55    |  FP                       |FP_Stage      |   564|
|56    |    ce                     |CE            |    44|
|57    |      cf                   |CF__1         |    40|
|58    |        delay1             |Delay_4ns__25 |     9|
|59    |        delay2             |Delay_4ns__24 |     9|
|60    |        delay3             |Delay_4ns__23 |     9|
|61    |        delay4             |Delay_2ns__1  |     5|
|62    |  MA                       |MA_Stage      |  1002|
|63    |    c                      |C__3          |    44|
|64    |      delay1               |Delay_4ns__22 |     9|
|65    |      delay2               |Delay_4ns__21 |     9|
|66    |      delay3               |Delay_4ns__20 |     9|
|67    |      delay4               |Delay_4ns__19 |     9|
|68    |  COPY                     |COPY_Stage    |   161|
|69    |    cx2                    |CX2           |    97|
|70    |      cf1                  |CF__2         |    40|
|71    |        delay1             |Delay_4ns__28 |     9|
|72    |        delay2             |Delay_4ns__27 |     9|
|73    |        delay3             |Delay_4ns__26 |     9|
|74    |        delay4             |Delay_2ns__2  |     5|
|75    |      cf2                  |CF__3         |    40|
|76    |        delay1             |Delay_4ns__31 |     9|
|77    |        delay2             |Delay_4ns__30 |     9|
|78    |        delay3             |Delay_4ns__29 |     9|
|79    |        delay4             |Delay_2ns__3  |     5|
|80    |  B                        |B_Stage       |    90|
|81    |    cb                     |CB            |    44|
|82    |      cf                   |CF            |    40|
|83    |        delay1             |Delay_4ns__9  |     9|
|84    |        delay2             |Delay_4ns__10 |     9|
|85    |        delay3             |Delay_4ns     |     9|
|86    |        delay4             |Delay_2ns     |     5|
|87    |  c                        |C             |    44|
|88    |    delay1                 |Delay_4ns__5  |     9|
|89    |    delay2                 |Delay_4ns__6  |     9|
|90    |    delay3                 |Delay_4ns__7  |     9|
|91    |    delay4                 |Delay_4ns__8  |     9|
+------+---------------------------+--------------+------+
---------------------------------------------------------------------------------
Finished Writing Synthesis Report : Time (s): cpu = 00:00:22 ; elapsed = 00:00:23 . Memory (MB): peak = 1364.301 ; gain = 813.105
---------------------------------------------------------------------------------
Synthesis finished with 0 errors, 0 critical warnings and 38 warnings.
Synthesis Optimization Runtime : Time (s): cpu = 00:00:22 ; elapsed = 00:00:23 . Memory (MB): peak = 1364.301 ; gain = 813.105
Synthesis Optimization Complete : Time (s): cpu = 00:00:22 ; elapsed = 00:00:23 . Memory (MB): peak = 1364.301 ; gain = 813.105
INFO: [Project 1-571] Translating synthesized netlist
Netlist sorting complete. Time (s): cpu = 00:00:00 ; elapsed = 00:00:00.046 . Memory (MB): peak = 1376.453 ; gain = 0.000
INFO: [Netlist 29-17] Analyzing 924 Unisim elements for replacement
INFO: [Netlist 29-28] Unisim Transformation completed in 0 CPU seconds
INFO: [Project 1-570] Preparing netlist for logic optimization
INFO: [Opt 31-138] Pushed 0 inverter(s) to 0 load pin(s).
Netlist sorting complete. Time (s): cpu = 00:00:00 ; elapsed = 00:00:00.001 . Memory (MB): peak = 1433.055 ; gain = 0.000
INFO: [Project 1-111] Unisim Transformation Summary:
  A total of 766 instances were transformed.
  FDCP => FDCP (FDCE, FDPE, LDCE, LUT3, VCC): 1 instance 
  FDCPE => FDCPE (FDCE, FDPE, LDCE, LUT3, VCC): 380 instances
  FDCP_1 => FDCP (inverted pins: C) (FDCE, FDPE, LDCE, LUT3, VCC): 1 instance 
  FDC_1 => FDCE (inverted pins: C): 1 instance 
  FDP_1 => FDPE (inverted pins: C): 1 instance 
  LDC => LDCE: 382 instances

Synth Design complete | Checksum: 22eb11a7
INFO: [Common 17-83] Releasing license: Synthesis
71 Infos, 38 Warnings, 0 Critical Warnings and 0 Errors encountered.
synth_design completed successfully
synth_design: Time (s): cpu = 00:00:25 ; elapsed = 00:00:30 . Memory (MB): peak = 1433.055 ; gain = 889.176
Write ShapeDB Complete: Time (s): cpu = 00:00:00 ; elapsed = 00:00:00.003 . Memory (MB): peak = 1433.055 ; gain = 0.000
INFO: [Common 17-1381] The checkpoint 'C:/Users/OkuhiraShunri/Documents/verilog/DDP/vivado/sim/DDP.runs/synth_1/JOIN_DDP.dcp' has been generated.
INFO: [Vivado 12-24828] Executing command : report_utilization -file JOIN_DDP_utilization_synth.rpt -pb JOIN_DDP_utilization_synth.pb
INFO: [Common 17-206] Exiting Vivado at Tue Oct  8 17:49:06 2024...
